<?xml version="1.0" encoding="UTF-8" ?>
<testsuite errors="0" failures="0" hostname="mds-xa201s-p028" name="test.JUnitTestRMI" skipped="0" tests="1" time="1.565" timestamp="2015-05-18T04:35:27">
  <properties>
    <property name="libs.jsp-compiler.javadoc" value="" />
    <property name="netbeans.autoupdate.country" value="NZ" />
    <property name="javac.test.classpath" value="H:\NetBeans\jersey-lib\jersey\aopalliance-repackaged-2.4.0-b09.jar;H:\NetBeans\jersey-lib\jersey\hk2-api-2.4.0-b09.jar;H:\NetBeans\jersey-lib\jersey\hk2-locator-2.4.0-b09.jar;H:\NetBeans\jersey-lib\jersey\hk2-utils-2.4.0-b09.jar;H:\NetBeans\jersey-lib\jersey\javassist-3.18.1-GA.jar;H:\NetBeans\jersey-lib\jersey\javax.annotation-api-1.2.jar;H:\NetBeans\jersey-lib\jersey\javax.el-2.2.4.jar;H:\NetBeans\jersey-lib\jersey\javax.el-api-2.2.4.jar;H:\NetBeans\jersey-lib\jersey\javax.inject-1.jar;H:\NetBeans\jersey-lib\jersey\javax.inject-2.4.0-b09.jar;H:\NetBeans\jersey-lib\jersey\javax.ws.rs-api-2.0.1.jar;H:\NetBeans\jersey-lib\jersey\jersey-client-2.16.jar;H:\NetBeans\jersey-lib\jersey\jersey-common-2.16.jar;H:\NetBeans\jersey-lib\jersey\jersey-container-jdk-http-2.16.jar;H:\NetBeans\jersey-lib\jersey\jersey-declarative-linking-2.16.jar;H:\NetBeans\jersey-lib\jersey\jersey-entity-filtering-2.16.jar;H:\NetBeans\jersey-lib\jersey\jersey-guava-2.16.jar;H:\NetBeans\jersey-lib\jersey\jersey-media-jaxb-2.16.jar;H:\NetBeans\jersey-lib\jersey\jersey-media-moxy-2.16.jar;H:\NetBeans\jersey-lib\jersey\jersey-server-2.16.jar;H:\NetBeans\jersey-lib\jersey\org.eclipse.persistence.antlr-2.5.0.jar;H:\NetBeans\jersey-lib\jersey\org.eclipse.persistence.asm-2.5.0.jar;H:\NetBeans\jersey-lib\jersey\org.eclipse.persistence.core-2.5.0.jar;H:\NetBeans\jersey-lib\jersey\org.eclipse.persistence.moxy-2.5.0.jar;H:\NetBeans\jersey-lib\jersey\osgi-resource-locator-1.0.1.jar;H:\NetBeans\jersey-lib\jersey\validation-api-1.1.0.Final.jar:H:\NetBeans\logging-lib\logging\jcl-over-slf4j-1.7.7.jar;H:\NetBeans\logging-lib\logging\jul-to-slf4j-1.7.7.jar;H:\NetBeans\logging-lib\logging\logback-classic-1.1.2.jar;H:\NetBeans\logging-lib\logging\logback-core-1.1.2.jar;H:\NetBeans\logging-lib\logging\slf4j-api-1.7.7.jar:../project-shared/dist/project-shared.jar:build/classes:C:\ProgramData\App-V\10390847-DF06-455C-BE51-56865FA9F42E\2B219945-B646-41B0-84D4-E31AB2609F35\Root\NetBeans-8\platform\modules\ext\junit-4.10.jar" />
    <property name="libs.jsf20.maven-pom" value="" />
    <property name="libs.junit.javadoc" value="C:\ProgramData\App-V\10390847-DF06-455C-BE51-56865FA9F42E\2B219945-B646-41B0-84D4-E31AB2609F35\Root\NetBeans-8\java\docs\junit-3.8.2-api.zip" />
    <property name="libs.spring-webmvc4.0.src" value="" />
    <property name="javac.includes" value="test/JUnitTestRMI.java" />
    <property name="ant.core.lib" value="C:\ProgramData\App-V\10390847-DF06-455C-BE51-56865FA9F42E\2B219945-B646-41B0-84D4-E31AB2609F35\Root\NetBeans-8\extide\ant\lib\ant.jar" />
    <property name="javadoc.windowtitle" value="" />
    <property name="libs.jsp-compilation.javadoc" value="" />
    <property name="user.dir" value="H:\NetBeans\project\project-service-testing" />
    <property name="libs.javaee-api-7.0.src" value="" />
    <property name="java.vm.version" value="25.31-b07" />
    <property name="libs.MySQLDriver.classpath" value="C:\ProgramData\App-V\10390847-DF06-455C-BE51-56865FA9F42E\2B219945-B646-41B0-84D4-E31AB2609F35\Root\NetBeans-8\ide\modules\ext\mysql-connector-java-5.1.23-bin.jar" />
    <property name="libs.eclipselinkmodelgen.src" value="" />
    <property name="javadoc.notree" value="false" />
    <property name="netbeans.autoupdate.version" value="1.23" />
    <property name="libs.javaee-web-api-6.0.classpath" value="C:\ProgramData\App-V\10390847-DF06-455C-BE51-56865FA9F42E\2B219945-B646-41B0-84D4-E31AB2609F35\Root\NetBeans-8\enterprise\modules\ext\javaee-web-api-6.0.jar" />
    <property name="libs.INFO323-Logging.src" value="" />
    <property name="javac.profile.cmd.line.arg" value="" />
    <property name="jdk.home" value="C:\Apps\jdk1.8.0_31" />
    <property name="libs.javac-api.src" value="" />
    <property name="javadoc.noindex" value="false" />
    <property name="libs.jpa2-persistence.classpath" value="C:\ProgramData\App-V\10390847-DF06-455C-BE51-56865FA9F42E\2B219945-B646-41B0-84D4-E31AB2609F35\Root\NetBeans-8\java\modules\ext\hibernate4\hibernate-jpa-2.1-api-1.0.0.Final.jar" />
    <property name="sun.os.patch.level" value="Service Pack 1" />
    <property name="do.archive+manifest.available" value="true" />
    <property name="java.vm.specification.name" value="Java Virtual Machine Specification" />
    <property name="ant.file.type.project-service-testing" value="file" />
    <property name="nb.show.statistics.ui" value="usageStatisticsEnabled" />
    <property name="netbeans.autoupdate.variant" value="" />
    <property name="have.tests" value="true" />
    <property name="org.xml.sax.driver" value="com.sun.org.apache.xerces.internal.jaxp.SAXParserImpl$JAXPSAXParser" />
    <property name="libs.javac-api.javadoc" value="" />
    <property name="os.name" value="Windows Server 2008 R2" />
    <property name="libs.beans-binding.classpath" value="C:\ProgramData\App-V\10390847-DF06-455C-BE51-56865FA9F42E\2B219945-B646-41B0-84D4-E31AB2609F35\Root\NetBeans-8\java\modules\ext\beansbinding-1.2.1.jar" />
    <property name="libs.javaee-endorsed-api-7.0.maven-pom" value="" />
    <property name="ap.proc.none.internal" value="" />
    <property name="libs.INFO323-Jersey.src" value="" />
    <property name="libs.restapi.javadoc" value="" />
    <property name="libs.JWSAntTasks.maven-pom" value="" />
    <property name="libs.jstl.classpath" value="C:\ProgramData\App-V\10390847-DF06-455C-BE51-56865FA9F42E\2B219945-B646-41B0-84D4-E31AB2609F35\Root\NetBeans-8\enterprise\modules\ext\jstl-impl.jar;C:\ProgramData\App-V\10390847-DF06-455C-BE51-56865FA9F42E\2B219945-B646-41B0-84D4-E31AB2609F35\Root\NetBeans-8\enterprise\modules\ext\jstl-api.jar" />
    <property name="libs.testng.src" value="" />
    <property name="nu.validator.spec.alt-advice" value="jar:file:/C:/ProgramData/App-V/10390847-DF06-455C-BE51-56865FA9F42E/2B219945-B646-41B0-84D4-E31AB2609F35/Root/NetBeans-8/ide/modules/ext/validator.jar!/nu/validator/localentities/files/wiki_whatwg_org_wiki_Validator_nu_alt_advice" />
    <property name="libs.spring-webmvc3.0.src" value="" />
    <property name="libs.restapi.classpath" value="C:\ProgramData\App-V\10390847-DF06-455C-BE51-56865FA9F42E\2B219945-B646-41B0-84D4-E31AB2609F35\Root\NetBeans-8\enterprise\modules\ext\jaxrs-2.0\javax.ws.rs-api-2.0.jar" />
    <property name="java.vendor.url.bug" value="http://bugreport.sun.com/bugreport/" />
    <property name="libs.jaxb.maven-pom" value="" />
    <property name="os.arch" value="amd64" />
    <property name="libs.eclipselink.src" value="" />
    <property name="user.name" value="hiclu995" />
    <property name="libs.jsf12.javadoc" value="C:\ProgramData\App-V\10390847-DF06-455C-BE51-56865FA9F42E\2B219945-B646-41B0-84D4-E31AB2609F35\Root\NetBeans-8\enterprise\docs\javaee-doc-api.jar" />
    <property name="copylibs.rebase" value="true" />
    <property name="libs.spring-webmvc3.0.maven-pom" value="" />
    <property name="libs.swing-layout.maven-pom" value="" />
    <property name="sun.java.command" value="org.apache.tools.ant.taskdefs.optional.junit.JUnitTestRunner test.JUnitTestRMI skipNonTests=false filtertrace=true haltOnError=false haltOnFailure=false showoutput=true outputtoformatters=true logfailedtests=true threadid=0 logtestlistenerevents=true formatter=org.apache.tools.ant.taskdefs.optional.junit.BriefJUnitResultFormatter formatter=org.apache.tools.ant.taskdefs.optional.junit.XMLJUnitResultFormatter,H:\NetBeans\project\project-service-testing\build\test\results\TEST-test.JUnitTestRMI.xml crashfile=H:\NetBeans\project\project-service-testing\build\junitvmwatcher2975563720747730675.properties propsfile=H:\NetBeans\project\project-service-testing\build\junit6708262870976762434.properties" />
    <property name="build.classes.dir" value="build/classes" />
    <property name="netbeans.accept_license_class" value="org.netbeans.license.AcceptLicense" />
    <property name="build.sysclasspath" value="ignore" />
    <property name="ap.supported.internal" value="true" />
    <property name="libs.javaee-endorsed-api-7.0.javadoc" value="C:\ProgramData\App-V\10390847-DF06-455C-BE51-56865FA9F42E\2B219945-B646-41B0-84D4-E31AB2609F35\Root\NetBeans-8\enterprise\docs\javaee-doc-api.jar" />
    <property name="libs.jaxws21.javadoc" value="C:\ProgramData\App-V\10390847-DF06-455C-BE51-56865FA9F42E\2B219945-B646-41B0-84D4-E31AB2609F35\Root\NetBeans-8\java\docs\jaxws-api-doc.zip" />
    <property name="libs.spring-webmvc4.0.javadoc" value="" />
    <property name="includes" value="**" />
    <property name="user.country" value="NZ" />
    <property name="manifest.file" value="manifest.mf" />
    <property name="javadoc.encoding" value="UTF-8" />
    <property name="javac.classpath" value="H:\NetBeans\jersey-lib\jersey\aopalliance-repackaged-2.4.0-b09.jar;H:\NetBeans\jersey-lib\jersey\hk2-api-2.4.0-b09.jar;H:\NetBeans\jersey-lib\jersey\hk2-locator-2.4.0-b09.jar;H:\NetBeans\jersey-lib\jersey\hk2-utils-2.4.0-b09.jar;H:\NetBeans\jersey-lib\jersey\javassist-3.18.1-GA.jar;H:\NetBeans\jersey-lib\jersey\javax.annotation-api-1.2.jar;H:\NetBeans\jersey-lib\jersey\javax.el-2.2.4.jar;H:\NetBeans\jersey-lib\jersey\javax.el-api-2.2.4.jar;H:\NetBeans\jersey-lib\jersey\javax.inject-1.jar;H:\NetBeans\jersey-lib\jersey\javax.inject-2.4.0-b09.jar;H:\NetBeans\jersey-lib\jersey\javax.ws.rs-api-2.0.1.jar;H:\NetBeans\jersey-lib\jersey\jersey-client-2.16.jar;H:\NetBeans\jersey-lib\jersey\jersey-common-2.16.jar;H:\NetBeans\jersey-lib\jersey\jersey-container-jdk-http-2.16.jar;H:\NetBeans\jersey-lib\jersey\jersey-declarative-linking-2.16.jar;H:\NetBeans\jersey-lib\jersey\jersey-entity-filtering-2.16.jar;H:\NetBeans\jersey-lib\jersey\jersey-guava-2.16.jar;H:\NetBeans\jersey-lib\jersey\jersey-media-jaxb-2.16.jar;H:\NetBeans\jersey-lib\jersey\jersey-media-moxy-2.16.jar;H:\NetBeans\jersey-lib\jersey\jersey-server-2.16.jar;H:\NetBeans\jersey-lib\jersey\org.eclipse.persistence.antlr-2.5.0.jar;H:\NetBeans\jersey-lib\jersey\org.eclipse.persistence.asm-2.5.0.jar;H:\NetBeans\jersey-lib\jersey\org.eclipse.persistence.core-2.5.0.jar;H:\NetBeans\jersey-lib\jersey\org.eclipse.persistence.moxy-2.5.0.jar;H:\NetBeans\jersey-lib\jersey\osgi-resource-locator-1.0.1.jar;H:\NetBeans\jersey-lib\jersey\validation-api-1.1.0.Final.jar:H:\NetBeans\logging-lib\logging\jcl-over-slf4j-1.7.7.jar;H:\NetBeans\logging-lib\logging\jul-to-slf4j-1.7.7.jar;H:\NetBeans\logging-lib\logging\logback-classic-1.1.2.jar;H:\NetBeans\logging-lib\logging\logback-core-1.1.2.jar;H:\NetBeans\logging-lib\logging\slf4j-api-1.7.7.jar:../project-shared/dist/project-shared.jar" />
    <property name="libs.jsp-compilation-syscp.src" value="" />
    <property name="libs.JAVADB_DRIVER_LABEL.src" value="" />
    <property name="libs.spring-framework400.classpath" value="C:\ProgramData\App-V\10390847-DF06-455C-BE51-56865FA9F42E\2B219945-B646-41B0-84D4-E31AB2609F35\Root\NetBeans-8\ide\modules\org-apache-commons-logging.jar;C:\ProgramData\App-V\10390847-DF06-455C-BE51-56865FA9F42E\2B219945-B646-41B0-84D4-E31AB2609F35\Root\NetBeans-8\java\modules\ext\cglib-2.2.jar;C:\ProgramData\App-V\10390847-DF06-455C-BE51-56865FA9F42E\2B219945-B646-41B0-84D4-E31AB2609F35\Root\NetBeans-8\java\modules\ext\spring-4\spring-aop-4.0.1.RELEASE.jar;C:\ProgramData\App-V\10390847-DF06-455C-BE51-56865FA9F42E\2B219945-B646-41B0-84D4-E31AB2609F35\Root\NetBeans-8\java\modules\ext\spring-4\spring-aspects-4.0.1.RELEASE.jar;C:\ProgramData\App-V\10390847-DF06-455C-BE51-56865FA9F42E\2B219945-B646-41B0-84D4-E31AB2609F35\Root\NetBeans-8\java\modules\ext\spring-4\spring-beans-4.0.1.RELEASE.jar;C:\ProgramData\App-V\10390847-DF06-455C-BE51-56865FA9F42E\2B219945-B646-41B0-84D4-E31AB2609F35\Root\NetBeans-8\java\modules\ext\spring-4\spring-build-src-4.0.1.RELEASE.jar;C:\ProgramData\App-V\10390847-DF06-455C-BE51-56865FA9F42E\2B219945-B646-41B0-84D4-E31AB2609F35\Root\NetBeans-8\java\modules\ext\spring-4\spring-context-4.0.1.RELEASE.jar;C:\ProgramData\App-V\10390847-DF06-455C-BE51-56865FA9F42E\2B219945-B646-41B0-84D4-E31AB2609F35\Root\NetBeans-8\java\modules\ext\spring-4\spring-context-support-4.0.1.RELEASE.jar;C:\ProgramData\App-V\10390847-DF06-455C-BE51-56865FA9F42E\2B219945-B646-41B0-84D4-E31AB2609F35\Root\NetBeans-8\java\modules\ext\spring-4\spring-core-4.0.1.RELEASE.jar;C:\ProgramData\App-V\10390847-DF06-455C-BE51-56865FA9F42E\2B219945-B646-41B0-84D4-E31AB2609F35\Root\NetBeans-8\java\modules\ext\spring-4\spring-expression-4.0.1.RELEASE.jar;C:\ProgramData\App-V\10390847-DF06-455C-BE51-56865FA9F42E\2B219945-B646-41B0-84D4-E31AB2609F35\Root\NetBeans-8\java\modules\ext\spring-4\spring-framework-bom-4.0.1.RELEASE.jar;C:\ProgramData\App-V\10390847-DF06-455C-BE51-56865FA9F42E\2B219945-B646-41B0-84D4-E31AB2609F35\Root\NetBeans-8\java\modules\ext\spring-4\spring-instrument-4.0.1.RELEASE.jar;C:\ProgramData\App-V\10390847-DF06-455C-BE51-56865FA9F42E\2B219945-B646-41B0-84D4-E31AB2609F35\Root\NetBeans-8\java\modules\ext\spring-4\spring-instrument-tomcat-4.0.1.RELEASE.jar;C:\ProgramData\App-V\10390847-DF06-455C-BE51-56865FA9F42E\2B219945-B646-41B0-84D4-E31AB2609F35\Root\NetBeans-8\java\modules\ext\spring-4\spring-jdbc-4.0.1.RELEASE.jar;C:\ProgramData\App-V\10390847-DF06-455C-BE51-56865FA9F42E\2B219945-B646-41B0-84D4-E31AB2609F35\Root\NetBeans-8\java\modules\ext\spring-4\spring-jms-4.0.1.RELEASE.jar;C:\ProgramData\App-V\10390847-DF06-455C-BE51-56865FA9F42E\2B219945-B646-41B0-84D4-E31AB2609F35\Root\NetBeans-8\java\modules\ext\spring-4\spring-messaging-4.0.1.RELEASE.jar;C:\ProgramData\App-V\10390847-DF06-455C-BE51-56865FA9F42E\2B219945-B646-41B0-84D4-E31AB2609F35\Root\NetBeans-8\java\modules\ext\spring-4\spring-orm-4.0.1.RELEASE.jar;C:\ProgramData\App-V\10390847-DF06-455C-BE51-56865FA9F42E\2B219945-B646-41B0-84D4-E31AB2609F35\Root\NetBeans-8\java\modules\ext\spring-4\spring-oxm-4.0.1.RELEASE.jar;C:\ProgramData\App-V\10390847-DF06-455C-BE51-56865FA9F42E\2B219945-B646-41B0-84D4-E31AB2609F35\Root\NetBeans-8\java\modules\ext\spring-4\spring-test-4.0.1.RELEASE.jar;C:\ProgramData\App-V\10390847-DF06-455C-BE51-56865FA9F42E\2B219945-B646-41B0-84D4-E31AB2609F35\Root\NetBeans-8\java\modules\ext\spring-4\spring-tx-4.0.1.RELEASE.jar;C:\ProgramData\App-V\10390847-DF06-455C-BE51-56865FA9F42E\2B219945-B646-41B0-84D4-E31AB2609F35\Root\NetBeans-8\java\modules\ext\spring-4\spring-web-4.0.1.RELEASE.jar;C:\ProgramData\App-V\10390847-DF06-455C-BE51-56865FA9F42E\2B219945-B646-41B0-84D4-E31AB2609F35\Root\NetBeans-8\java\modules\ext\spring-4\spring-webmvc-4.0.1.RELEASE.jar;C:\ProgramData\App-V\10390847-DF06-455C-BE51-56865FA9F42E\2B219945-B646-41B0-84D4-E31AB2609F35\Root\NetBeans-8\java\modules\ext\spring-4\spring-webmvc-portlet-4.0.1.RELEASE.jar;C:\ProgramData\App-V\10390847-DF06-455C-BE51-56865FA9F42E\2B219945-B646-41B0-84D4-E31AB2609F35\Root\NetBeans-8\java\modules\ext\spring-4\spring-websocket-4.0.1.RELEASE.jar" />
    <property name="ant.file.type.project-service-testing-impl" value="file" />
    <property name="debug-transport" value="dt_shmem" />
    <property name="netbeans.home" value="C:\ProgramData\App-V\10390847-DF06-455C-BE51-56865FA9F42E\2B219945-B646-41B0-84D4-E31AB2609F35\Root\NetBeans-8\platform" />
    <property name="build.compiler.emacs" value="true" />
    <property name="libs.javaee-web-api-6.0.src" value="" />
    <property name="libs.jsp-compilation-syscp.classpath" value="C:\ProgramData\App-V\10390847-DF06-455C-BE51-56865FA9F42E\2B219945-B646-41B0-84D4-E31AB2609F35\Root\NetBeans-8\extide\ant\lib\ant.jar;C:\ProgramData\App-V\10390847-DF06-455C-BE51-56865FA9F42E\2B219945-B646-41B0-84D4-E31AB2609F35\Root\NetBeans-8\enterprise\modules\ext\servlet3.1-jsp2.3-api.jar;C:\ProgramData\App-V\10390847-DF06-455C-BE51-56865FA9F42E\2B219945-B646-41B0-84D4-E31AB2609F35\Root\NetBeans-8\enterprise\modules\ext\glassfish-jspparser-4.0.jar;C:\ProgramData\App-V\10390847-DF06-455C-BE51-56865FA9F42E\2B219945-B646-41B0-84D4-E31AB2609F35\Root\NetBeans-8\enterprise\modules\ext\jstl-impl.jar;C:\ProgramData\App-V\10390847-DF06-455C-BE51-56865FA9F42E\2B219945-B646-41B0-84D4-E31AB2609F35\Root\NetBeans-8\enterprise\modules\ext\jsf-2_2\javax.faces.jar" />
    <property name="java.endorsed.dirs" value="C:\ProgramData\App-V\10390847-DF06-455C-BE51-56865FA9F42E\2B219945-B646-41B0-84D4-E31AB2609F35\Root\jdk1.8.0_31\jre\lib\endorsed" />
    <property name="test.includes" value="test/JUnitTestRMI.java" />
    <property name="netbeans.dynamic.classpath" value="C:\ProgramData\App-V\10390847-DF06-455C-BE51-56865FA9F42E\2B219945-B646-41B0-84D4-E31AB2609F35\Root\NetBeans-8\platform\core\core.jar;C:\ProgramData\App-V\10390847-DF06-455C-BE51-56865FA9F42E\2B219945-B646-41B0-84D4-E31AB2609F35\Root\NetBeans-8\platform\core\org-openide-filesystems.jar;C:\ProgramData\App-V\10390847-DF06-455C-BE51-56865FA9F42E\2B219945-B646-41B0-84D4-E31AB2609F35\Root\NetBeans-8\platform\core\locale\core_ja.jar;C:\ProgramData\App-V\10390847-DF06-455C-BE51-56865FA9F42E\2B219945-B646-41B0-84D4-E31AB2609F35\Root\NetBeans-8\platform\core\locale\core_pt_BR.jar;C:\ProgramData\App-V\10390847-DF06-455C-BE51-56865FA9F42E\2B219945-B646-41B0-84D4-E31AB2609F35\Root\NetBeans-8\platform\core\locale\core_ru.jar;C:\ProgramData\App-V\10390847-DF06-455C-BE51-56865FA9F42E\2B219945-B646-41B0-84D4-E31AB2609F35\Root\NetBeans-8\platform\core\locale\core_zh_CN.jar;C:\ProgramData\App-V\10390847-DF06-455C-BE51-56865FA9F42E\2B219945-B646-41B0-84D4-E31AB2609F35\Root\NetBeans-8\platform\core\locale\org-openide-filesystems_ja.jar;C:\ProgramData\App-V\10390847-DF06-455C-BE51-56865FA9F42E\2B219945-B646-41B0-84D4-E31AB2609F35\Root\NetBeans-8\platform\core\locale\org-openide-filesystems_pt_BR.jar;C:\ProgramData\App-V\10390847-DF06-455C-BE51-56865FA9F42E\2B219945-B646-41B0-84D4-E31AB2609F35\Root\NetBeans-8\platform\core\locale\org-openide-filesystems_ru.jar;C:\ProgramData\App-V\10390847-DF06-455C-BE51-56865FA9F42E\2B219945-B646-41B0-84D4-E31AB2609F35\Root\NetBeans-8\platform\core\locale\org-openide-filesystems_zh_CN.jar;C:\ProgramData\App-V\10390847-DF06-455C-BE51-56865FA9F42E\2B219945-B646-41B0-84D4-E31AB2609F35\Root\NetBeans-8\nb\core\org-netbeans-upgrader.jar;C:\ProgramData\App-V\10390847-DF06-455C-BE51-56865FA9F42E\2B219945-B646-41B0-84D4-E31AB2609F35\Root\NetBeans-8\nb\core\locale\core_nb.jar;C:\ProgramData\App-V\10390847-DF06-455C-BE51-56865FA9F42E\2B219945-B646-41B0-84D4-E31AB2609F35\Root\NetBeans-8\nb\core\locale\core_nb_ja.jar;C:\ProgramData\App-V\10390847-DF06-455C-BE51-56865FA9F42E\2B219945-B646-41B0-84D4-E31AB2609F35\Root\NetBeans-8\nb\core\locale\core_nb_pt_BR.jar;C:\ProgramData\App-V\10390847-DF06-455C-BE51-56865FA9F42E\2B219945-B646-41B0-84D4-E31AB2609F35\Root\NetBeans-8\nb\core\locale\core_nb_ru.jar;C:\ProgramData\App-V\10390847-DF06-455C-BE51-56865FA9F42E\2B219945-B646-41B0-84D4-E31AB2609F35\Root\NetBeans-8\nb\core\locale\core_nb_zh_CN.jar;C:\ProgramData\App-V\10390847-DF06-455C-BE51-56865FA9F42E\2B219945-B646-41B0-84D4-E31AB2609F35\Root\NetBeans-8\nb\core\locale\org-netbeans-upgrader_ja.jar;C:\ProgramData\App-V\10390847-DF06-455C-BE51-56865FA9F42E\2B219945-B646-41B0-84D4-E31AB2609F35\Root\NetBeans-8\nb\core\locale\org-netbeans-upgrader_pt_BR.jar;C:\ProgramData\App-V\10390847-DF06-455C-BE51-56865FA9F42E\2B219945-B646-41B0-84D4-E31AB2609F35\Root\NetBeans-8\nb\core\locale\org-netbeans-upgrader_ru.jar;C:\ProgramData\App-V\10390847-DF06-455C-BE51-56865FA9F42E\2B219945-B646-41B0-84D4-E31AB2609F35\Root\NetBeans-8\nb\core\locale\org-netbeans-upgrader_zh_CN.jar" />
    <property name="java.vm.specification.version" value="1.8" />
    <property name="libs.hibernate4-support.src" value="" />
    <property name="libs.primefaces.classpath" value="C:\ProgramData\App-V\10390847-DF06-455C-BE51-56865FA9F42E\2B219945-B646-41B0-84D4-E31AB2609F35\Root\NetBeans-8\enterprise\modules\ext\primefaces\primefaces-5.0.jar" />
    <property name="libs.javaee-api-6.0.classpath" value="C:\ProgramData\App-V\10390847-DF06-455C-BE51-56865FA9F42E\2B219945-B646-41B0-84D4-E31AB2609F35\Root\NetBeans-8\enterprise\modules\ext\javaee-api-6.0.jar" />
    <property name="netbeans.productversion" value="NetBeans IDE 8.0.2 (Build 201411181905)" />
    <property name="libs.jaxws21.src" value="" />
    <property name="application.title" value="project-service-testing" />
    <property name="do.archive" value="true" />
    <property name="netbeans.autoupdate.language" value="en" />
    <property name="java.vendor" value="Oracle Corporation" />
    <property name="libs.javaee-api-6.0.javadoc" value="C:\ProgramData\App-V\10390847-DF06-455C-BE51-56865FA9F42E\2B219945-B646-41B0-84D4-E31AB2609F35\Root\NetBeans-8\enterprise\docs\javaee-doc-api.jar" />
    <property name="jar.index.metainf" value="false" />
    <property name="javac.debug" value="true" />
    <property name="javadoc.splitindex" value="true" />
    <property name="file.separator" value="\" />
    <property name="javac.includesfile.binary" value="H:\NetBeans\project\project-service-testing\null1147416939" />
    <property name="libs.junit_4.maven-pom" value="" />
    <property name="mkdist.disabled" value="true" />
    <property name="javac.test.processorpath" value="H:\NetBeans\jersey-lib\jersey\aopalliance-repackaged-2.4.0-b09.jar;H:\NetBeans\jersey-lib\jersey\hk2-api-2.4.0-b09.jar;H:\NetBeans\jersey-lib\jersey\hk2-locator-2.4.0-b09.jar;H:\NetBeans\jersey-lib\jersey\hk2-utils-2.4.0-b09.jar;H:\NetBeans\jersey-lib\jersey\javassist-3.18.1-GA.jar;H:\NetBeans\jersey-lib\jersey\javax.annotation-api-1.2.jar;H:\NetBeans\jersey-lib\jersey\javax.el-2.2.4.jar;H:\NetBeans\jersey-lib\jersey\javax.el-api-2.2.4.jar;H:\NetBeans\jersey-lib\jersey\javax.inject-1.jar;H:\NetBeans\jersey-lib\jersey\javax.inject-2.4.0-b09.jar;H:\NetBeans\jersey-lib\jersey\javax.ws.rs-api-2.0.1.jar;H:\NetBeans\jersey-lib\jersey\jersey-client-2.16.jar;H:\NetBeans\jersey-lib\jersey\jersey-common-2.16.jar;H:\NetBeans\jersey-lib\jersey\jersey-container-jdk-http-2.16.jar;H:\NetBeans\jersey-lib\jersey\jersey-declarative-linking-2.16.jar;H:\NetBeans\jersey-lib\jersey\jersey-entity-filtering-2.16.jar;H:\NetBeans\jersey-lib\jersey\jersey-guava-2.16.jar;H:\NetBeans\jersey-lib\jersey\jersey-media-jaxb-2.16.jar;H:\NetBeans\jersey-lib\jersey\jersey-media-moxy-2.16.jar;H:\NetBeans\jersey-lib\jersey\jersey-server-2.16.jar;H:\NetBeans\jersey-lib\jersey\org.eclipse.persistence.antlr-2.5.0.jar;H:\NetBeans\jersey-lib\jersey\org.eclipse.persistence.asm-2.5.0.jar;H:\NetBeans\jersey-lib\jersey\org.eclipse.persistence.core-2.5.0.jar;H:\NetBeans\jersey-lib\jersey\org.eclipse.persistence.moxy-2.5.0.jar;H:\NetBeans\jersey-lib\jersey\osgi-resource-locator-1.0.1.jar;H:\NetBeans\jersey-lib\jersey\validation-api-1.1.0.Final.jar:H:\NetBeans\logging-lib\logging\jcl-over-slf4j-1.7.7.jar;H:\NetBeans\logging-lib\logging\jul-to-slf4j-1.7.7.jar;H:\NetBeans\logging-lib\logging\logback-classic-1.1.2.jar;H:\NetBeans\logging-lib\logging\logback-core-1.1.2.jar;H:\NetBeans\logging-lib\logging\slf4j-api-1.7.7.jar:../project-shared/dist/project-shared.jar:build/classes:C:\ProgramData\App-V\10390847-DF06-455C-BE51-56865FA9F42E\2B219945-B646-41B0-84D4-E31AB2609F35\Root\NetBeans-8\platform\modules\ext\junit-4.10.jar" />
    <property name="netbeans.buildnumber" value="201411181905" />
    <property name="libs.JWSAntTasks.javadoc" value="" />
    <property name="build.generated.sources.dir" value="build/generated-sources" />
    <property name="user.variant" value="" />
    <property name="libs.eclipselinkmodelgen.classpath" value="C:\ProgramData\App-V\10390847-DF06-455C-BE51-56865FA9F42E\2B219945-B646-41B0-84D4-E31AB2609F35\Root\NetBeans-8\java\modules\ext\eclipselink\org.eclipse.persistence.jpa.modelgen_2.5.2.v20140319-9ad6abd.jar" />
    <property name="libs.javaee-endorsed-api-7.0.src" value="" />
    <property name="sun.java.launcher" value="SUN_STANDARD" />
    <property name="libs.junit.classpath" value="C:\ProgramData\App-V\10390847-DF06-455C-BE51-56865FA9F42E\2B219945-B646-41B0-84D4-E31AB2609F35\Root\NetBeans-8\java\modules\ext\junit-3.8.2.jar" />
    <property name="libs.hibernate4-persistencemodelgen.javadoc" value="" />
    <property name="libs.jaxb.javadoc" value="C:\ProgramData\App-V\10390847-DF06-455C-BE51-56865FA9F42E\2B219945-B646-41B0-84D4-E31AB2609F35\Root\NetBeans-8\ide\docs\jaxb-api-doc.zip" />
    <property name="libs.struts.classpath" value="C:\ProgramData\App-V\10390847-DF06-455C-BE51-56865FA9F42E\2B219945-B646-41B0-84D4-E31AB2609F35\Root\NetBeans-8\enterprise\modules\ext\struts\antlr-2.7.2.jar;C:\ProgramData\App-V\10390847-DF06-455C-BE51-56865FA9F42E\2B219945-B646-41B0-84D4-E31AB2609F35\Root\NetBeans-8\enterprise\modules\ext\struts\bsf-2.3.0.jar;C:\ProgramData\App-V\10390847-DF06-455C-BE51-56865FA9F42E\2B219945-B646-41B0-84D4-E31AB2609F35\Root\NetBeans-8\enterprise\modules\ext\struts\commons-beanutils-1.8.0.jar;C:\ProgramData\App-V\10390847-DF06-455C-BE51-56865FA9F42E\2B219945-B646-41B0-84D4-E31AB2609F35\Root\NetBeans-8\enterprise\modules\ext\struts\commons-chain-1.2.jar;C:\ProgramData\App-V\10390847-DF06-455C-BE51-56865FA9F42E\2B219945-B646-41B0-84D4-E31AB2609F35\Root\NetBeans-8\enterprise\modules\ext\struts\commons-digester-1.8.jar;C:\ProgramData\App-V\10390847-DF06-455C-BE51-56865FA9F42E\2B219945-B646-41B0-84D4-E31AB2609F35\Root\NetBeans-8\enterprise\modules\ext\struts\commons-fileupload-1.1.1.jar;C:\ProgramData\App-V\10390847-DF06-455C-BE51-56865FA9F42E\2B219945-B646-41B0-84D4-E31AB2609F35\Root\NetBeans-8\enterprise\modules\ext\struts\commons-io-1.1.jar;C:\ProgramData\App-V\10390847-DF06-455C-BE51-56865FA9F42E\2B219945-B646-41B0-84D4-E31AB2609F35\Root\NetBeans-8\enterprise\modules\ext\struts\commons-logging-1.0.4.jar;C:\ProgramData\App-V\10390847-DF06-455C-BE51-56865FA9F42E\2B219945-B646-41B0-84D4-E31AB2609F35\Root\NetBeans-8\enterprise\modules\ext\struts\commons-validator-1.3.1.jar;C:\ProgramData\App-V\10390847-DF06-455C-BE51-56865FA9F42E\2B219945-B646-41B0-84D4-E31AB2609F35\Root\NetBeans-8\enterprise\modules\ext\struts\jstl-1.0.2.jar;C:\ProgramData\App-V\10390847-DF06-455C-BE51-56865FA9F42E\2B219945-B646-41B0-84D4-E31AB2609F35\Root\NetBeans-8\enterprise\modules\ext\struts\oro-2.0.8.jar;C:\ProgramData\App-V\10390847-DF06-455C-BE51-56865FA9F42E\2B219945-B646-41B0-84D4-E31AB2609F35\Root\NetBeans-8\enterprise\modules\ext\struts\standard-1.0.6.jar;C:\ProgramData\App-V\10390847-DF06-455C-BE51-56865FA9F42E\2B219945-B646-41B0-84D4-E31AB2609F35\Root\NetBeans-8\enterprise\modules\ext\struts\struts-core-1.3.10.jar;C:\ProgramData\App-V\10390847-DF06-455C-BE51-56865FA9F42E\2B219945-B646-41B0-84D4-E31AB2609F35\Root\NetBeans-8\enterprise\modules\ext\struts\struts-el-1.3.10.jar;C:\ProgramData\App-V\10390847-DF06-455C-BE51-56865FA9F42E\2B219945-B646-41B0-84D4-E31AB2609F35\Root\NetBeans-8\enterprise\modules\ext\struts\struts-extras-1.3.10.jar;C:\ProgramData\App-V\10390847-DF06-455C-BE51-56865FA9F42E\2B219945-B646-41B0-84D4-E31AB2609F35\Root\NetBeans-8\enterprise\modules\ext\struts\struts-faces-1.3.10.jar;C:\ProgramData\App-V\10390847-DF06-455C-BE51-56865FA9F42E\2B219945-B646-41B0-84D4-E31AB2609F35\Root\NetBeans-8\enterprise\modules\ext\struts\struts-mailreader-dao-1.3.10.jar;C:\ProgramData\App-V\10390847-DF06-455C-BE51-56865FA9F42E\2B219945-B646-41B0-84D4-E31AB2609F35\Root\NetBeans-8\enterprise\modules\ext\struts\struts-scripting-1.3.10.jar;C:\ProgramData\App-V\10390847-DF06-455C-BE51-56865FA9F42E\2B219945-B646-41B0-84D4-E31AB2609F35\Root\NetBeans-8\enterprise\modules\ext\struts\struts-taglib-1.3.10.jar;C:\ProgramData\App-V\10390847-DF06-455C-BE51-56865FA9F42E\2B219945-B646-41B0-84D4-E31AB2609F35\Root\NetBeans-8\enterprise\modules\ext\struts\struts-tiles-1.3.10.jar" />
    <property name="javac.includes.binary" value="H:\NetBeans\project\project-service-testing\build\test\classes\test\JUnitTestRMI.class" />
    <property name="ant.home" value="C:\ProgramData\App-V\10390847-DF06-455C-BE51-56865FA9F42E\2B219945-B646-41B0-84D4-E31AB2609F35\Root\NetBeans-8\extide\ant" />
    <property name="libs.junit_4.src" value="C:\ProgramData\App-V\10390847-DF06-455C-BE51-56865FA9F42E\2B219945-B646-41B0-84D4-E31AB2609F35\Root\NetBeans-8\java\docs\junit-4.10-sources.jar" />
    <property name="libs.testng.classpath" value="C:\ProgramData\App-V\10390847-DF06-455C-BE51-56865FA9F42E\2B219945-B646-41B0-84D4-E31AB2609F35\Root\NetBeans-8\platform\modules\ext\testng-6.8.1-dist.jar" />
    <property name="libs.INFO323-Jersey.maven-pom" value="" />
    <property name="libs.absolutelayout.maven-pom" value="" />
    <property name="ant.java.version" value="1.8" />
    <property name="java.library.path" value="C:\ProgramData\App-V\10390847-DF06-455C-BE51-56865FA9F42E\2B219945-B646-41B0-84D4-E31AB2609F35\Root\jdk1.8.0_31\jre\bin;C:\Windows\Sun\Java\bin;C:\Windows\system32;C:\Windows;C:\ProgramData\Oracle\Java\javapath;C:\Program Files\Common Files\Microsoft Shared\Windows Live;C:\Program Files (x86)\Common Files\Microsoft Shared\Windows Live;C:\Windows\system32;C:\Windows;C:\Windows\System32\Wbem;C:\Program Files (x86)\Citrix\system32;C:\Program Files\Citrix\Virtual Desktop Agent\;C:\Program Files (x86)\Windows Live\Shared;C:\Windows\System32\WindowsPowerShell\v1.0\;C:\Windows\System32\WindowsPowerShell\v1.0\;C:\Windows\System32\WindowsPowerShell\v1.0\;C:\Program Files (x86)\Common Files\Citrix\System32;." />
    <property name="javadoc.author" value="false" />
    <property name="libs.metro.maven-pom" value="" />
    <property name="java.util.logging.config.class" value="org.netbeans.core.startup.TopLogging" />
    <property name="libs.spring-framework400.src" value="" />
    <property name="libs.PostgreSQLDriver.src" value="" />
    <property name="sun.arch.data.model" value="64" />
    <property name="basedir" value="H:\NetBeans\project\project-service-testing" />
    <property name="libs.jpa20-persistence.maven-pom" value="" />
    <property name="jar.compress" value="false" />
    <property name="libs.INFO323-Logging.classpath" value="H:\NetBeans\logging-lib\logging\jcl-over-slf4j-1.7.7.jar;H:\NetBeans\logging-lib\logging\jul-to-slf4j-1.7.7.jar;H:\NetBeans\logging-lib\logging\logback-classic-1.1.2.jar;H:\NetBeans\logging-lib\logging\logback-core-1.1.2.jar;H:\NetBeans\logging-lib\logging\slf4j-api-1.7.7.jar" />
    <property name="libs.javaee-web-api-7.0.classpath" value="C:\ProgramData\App-V\10390847-DF06-455C-BE51-56865FA9F42E\2B219945-B646-41B0-84D4-E31AB2609F35\Root\NetBeans-8\enterprise\modules\ext\javaee-web-api-7.0.jar" />
    <property name="path.separator" value=";" />
    <property name="libs.javaee-web-api-6.0.javadoc" value="C:\ProgramData\App-V\10390847-DF06-455C-BE51-56865FA9F42E\2B219945-B646-41B0-84D4-E31AB2609F35\Root\NetBeans-8\enterprise\docs\javaee-doc-api.jar" />
    <property name="ant.junit.enabletestlistenerevents" value="true" />
    <property name="sun.io.unicode.encoding" value="UnicodeLittle" />
    <property name="libs.jaxws21.classpath" value="C:\ProgramData\App-V\10390847-DF06-455C-BE51-56865FA9F42E\2B219945-B646-41B0-84D4-E31AB2609F35\Root\NetBeans-8\ide\modules\ext\jaxb\jaxb-impl.jar;C:\ProgramData\App-V\10390847-DF06-455C-BE51-56865FA9F42E\2B219945-B646-41B0-84D4-E31AB2609F35\Root\NetBeans-8\ide\modules\ext\jaxb\jaxb-xjc.jar;C:\ProgramData\App-V\10390847-DF06-455C-BE51-56865FA9F42E\2B219945-B646-41B0-84D4-E31AB2609F35\Root\NetBeans-8\java\modules\ext\jaxws22\FastInfoset.jar;C:\ProgramData\App-V\10390847-DF06-455C-BE51-56865FA9F42E\2B219945-B646-41B0-84D4-E31AB2609F35\Root\NetBeans-8\java\modules\ext\jaxws22\gmbal-api-only.jar;C:\ProgramData\App-V\10390847-DF06-455C-BE51-56865FA9F42E\2B219945-B646-41B0-84D4-E31AB2609F35\Root\NetBeans-8\java\modules\ext\jaxws22\ha-api.jar;C:\ProgramData\App-V\10390847-DF06-455C-BE51-56865FA9F42E\2B219945-B646-41B0-84D4-E31AB2609F35\Root\NetBeans-8\java\modules\ext\jaxws22\javax.mail_1.4.jar;C:\ProgramData\App-V\10390847-DF06-455C-BE51-56865FA9F42E\2B219945-B646-41B0-84D4-E31AB2609F35\Root\NetBeans-8\java\modules\ext\jaxws22\jaxws-rt.jar;C:\ProgramData\App-V\10390847-DF06-455C-BE51-56865FA9F42E\2B219945-B646-41B0-84D4-E31AB2609F35\Root\NetBeans-8\java\modules\ext\jaxws22\jaxws-tools.jar;C:\ProgramData\App-V\10390847-DF06-455C-BE51-56865FA9F42E\2B219945-B646-41B0-84D4-E31AB2609F35\Root\NetBeans-8\java\modules\ext\jaxws22\management-api.jar;C:\ProgramData\App-V\10390847-DF06-455C-BE51-56865FA9F42E\2B219945-B646-41B0-84D4-E31AB2609F35\Root\NetBeans-8\java\modules\ext\jaxws22\mimepull.jar;C:\ProgramData\App-V\10390847-DF06-455C-BE51-56865FA9F42E\2B219945-B646-41B0-84D4-E31AB2609F35\Root\NetBeans-8\java\modules\ext\jaxws22\policy.jar;C:\ProgramData\App-V\10390847-DF06-455C-BE51-56865FA9F42E\2B219945-B646-41B0-84D4-E31AB2609F35\Root\NetBeans-8\java\modules\ext\jaxws22\saaj-impl.jar;C:\ProgramData\App-V\10390847-DF06-455C-BE51-56865FA9F42E\2B219945-B646-41B0-84D4-E31AB2609F35\Root\NetBeans-8\java\modules\ext\jaxws22\stax-ex.jar;C:\ProgramData\App-V\10390847-DF06-455C-BE51-56865FA9F42E\2B219945-B646-41B0-84D4-E31AB2609F35\Root\NetBeans-8\java\modules\ext\jaxws22\stax2-api.jar;C:\ProgramData\App-V\10390847-DF06-455C-BE51-56865FA9F42E\2B219945-B646-41B0-84D4-E31AB2609F35\Root\NetBeans-8\java\modules\ext\jaxws22\streambuffer.jar;C:\ProgramData\App-V\10390847-DF06-455C-BE51-56865FA9F42E\2B219945-B646-41B0-84D4-E31AB2609F35\Root\NetBeans-8\java\modules\ext\jaxws22\woodstox-core-asl.jar;C:\ProgramData\App-V\10390847-DF06-455C-BE51-56865FA9F42E\2B219945-B646-41B0-84D4-E31AB2609F35\Root\NetBeans-8\java\modules\ext\jaxws22\api\jaxws-api.jar;C:\ProgramData\App-V\10390847-DF06-455C-BE51-56865FA9F42E\2B219945-B646-41B0-84D4-E31AB2609F35\Root\NetBeans-8\java\modules\ext\jaxws22\api\jsr181-api.jar;C:\ProgramData\App-V\10390847-DF06-455C-BE51-56865FA9F42E\2B219945-B646-41B0-84D4-E31AB2609F35\Root\NetBeans-8\java\modules\ext\jaxws22\api\javax.annotation.jar;C:\ProgramData\App-V\10390847-DF06-455C-BE51-56865FA9F42E\2B219945-B646-41B0-84D4-E31AB2609F35\Root\NetBeans-8\java\modules\ext\jaxws22\api\saaj-api.jar;C:\ProgramData\App-V\10390847-DF06-455C-BE51-56865FA9F42E\2B219945-B646-41B0-84D4-E31AB2609F35\Root\NetBeans-8\ide\modules\ext\jaxb\activation.jar;C:\ProgramData\App-V\10390847-DF06-455C-BE51-56865FA9F42E\2B219945-B646-41B0-84D4-E31AB2609F35\Root\NetBeans-8\ide\modules\ext\jaxb\api\jaxb-api.jar;C:\ProgramData\App-V\10390847-DF06-455C-BE51-56865FA9F42E\2B219945-B646-41B0-84D4-E31AB2609F35\Root\NetBeans-8\ide\modules\ext\jaxb\api\jsr173_1.0_api.jar" />
    <property name="libs.struts.src" value="" />
    <property name="compile.on.save" value="true" />
    <property name="apple.awt.graphics.UseQuartz" value="true" />
    <property name="user.language" value="en" />
    <property name="testng.mode" value="testng" />
    <property name="libs.JAXB-ENDORSED.maven-pom" value="" />
    <property name="libs.eclipselink.maven-pom" value="" />
    <property name="application.vendor" value="hiclu995" />
    <property name="test.binaryincludes" value="&lt;nothing&gt;" />
    <property name="manifest.available" value="true" />
    <property name="libs.primefaces.javadoc" value="" />
    <property name="libs.spring-framework300.maven-pom" value="" />
    <property name="run.test.classpath" value="H:\NetBeans\jersey-lib\jersey\aopalliance-repackaged-2.4.0-b09.jar;H:\NetBeans\jersey-lib\jersey\hk2-api-2.4.0-b09.jar;H:\NetBeans\jersey-lib\jersey\hk2-locator-2.4.0-b09.jar;H:\NetBeans\jersey-lib\jersey\hk2-utils-2.4.0-b09.jar;H:\NetBeans\jersey-lib\jersey\javassist-3.18.1-GA.jar;H:\NetBeans\jersey-lib\jersey\javax.annotation-api-1.2.jar;H:\NetBeans\jersey-lib\jersey\javax.el-2.2.4.jar;H:\NetBeans\jersey-lib\jersey\javax.el-api-2.2.4.jar;H:\NetBeans\jersey-lib\jersey\javax.inject-1.jar;H:\NetBeans\jersey-lib\jersey\javax.inject-2.4.0-b09.jar;H:\NetBeans\jersey-lib\jersey\javax.ws.rs-api-2.0.1.jar;H:\NetBeans\jersey-lib\jersey\jersey-client-2.16.jar;H:\NetBeans\jersey-lib\jersey\jersey-common-2.16.jar;H:\NetBeans\jersey-lib\jersey\jersey-container-jdk-http-2.16.jar;H:\NetBeans\jersey-lib\jersey\jersey-declarative-linking-2.16.jar;H:\NetBeans\jersey-lib\jersey\jersey-entity-filtering-2.16.jar;H:\NetBeans\jersey-lib\jersey\jersey-guava-2.16.jar;H:\NetBeans\jersey-lib\jersey\jersey-media-jaxb-2.16.jar;H:\NetBeans\jersey-lib\jersey\jersey-media-moxy-2.16.jar;H:\NetBeans\jersey-lib\jersey\jersey-server-2.16.jar;H:\NetBeans\jersey-lib\jersey\org.eclipse.persistence.antlr-2.5.0.jar;H:\NetBeans\jersey-lib\jersey\org.eclipse.persistence.asm-2.5.0.jar;H:\NetBeans\jersey-lib\jersey\org.eclipse.persistence.core-2.5.0.jar;H:\NetBeans\jersey-lib\jersey\org.eclipse.persistence.moxy-2.5.0.jar;H:\NetBeans\jersey-lib\jersey\osgi-resource-locator-1.0.1.jar;H:\NetBeans\jersey-lib\jersey\validation-api-1.1.0.Final.jar:H:\NetBeans\logging-lib\logging\jcl-over-slf4j-1.7.7.jar;H:\NetBeans\logging-lib\logging\jul-to-slf4j-1.7.7.jar;H:\NetBeans\logging-lib\logging\logback-classic-1.1.2.jar;H:\NetBeans\logging-lib\logging\logback-core-1.1.2.jar;H:\NetBeans\logging-lib\logging\slf4j-api-1.7.7.jar:../project-shared/dist/project-shared.jar:build/classes:C:\ProgramData\App-V\10390847-DF06-455C-BE51-56865FA9F42E\2B219945-B646-41B0-84D4-E31AB2609F35\Root\NetBeans-8\platform\modules\ext\junit-4.10.jar:build/test/classes" />
    <property name="ant.project.invoked-targets" value="test-single" />
    <property name="test.binaryexcludes" value="" />
    <property name="libs.swing-layout.javadoc" value="C:\ProgramData\App-V\10390847-DF06-455C-BE51-56865FA9F42E\2B219945-B646-41B0-84D4-E31AB2609F35\Root\NetBeans-8\platform\docs\swing-layout-1.0.4-doc.zip" />
    <property name="sun.java2d.dpiaware" value="true" />
    <property name="libs.hibernate4-persistence.maven-pom" value="" />
    <property name="https.nonProxyHosts" value="localhost|127.0.0.1|mds-xa201s-p028" />
    <property name="libs.PostgreSQLDriver.maven-pom" value="" />
    <property name="java.class.version" value="52.0" />
    <property name="libs.JAVADB_DRIVER_LABEL.classpath" value="C:\Apps\jdk1.8.0_31\db\lib\derby.jar;C:\Apps\jdk1.8.0_31\db\lib\derbyclient.jar;C:\Apps\jdk1.8.0_31\db\lib\derbynet.jar" />
    <property name="libs.hibernate4-persistencemodelgen.maven-pom" value="" />
    <property name="libs.javaee-endorsed-api-6.0.src" value="" />
    <property name="libs.eclipselink.javadoc" value="C:\ProgramData\App-V\10390847-DF06-455C-BE51-56865FA9F42E\2B219945-B646-41B0-84D4-E31AB2609F35\Root\NetBeans-8\java\modules\ext\docs\javax.persistence-2.1.0-doc.zip" />
    <property name="libs.jsp-compilation.maven-pom" value="" />
    <property name="user.properties.file" value="H:\RedirectedFolders\Documents\NetBeans8\Workspace\build.properties" />
    <property name="runtime.encoding" value="UTF-8" />
    <property name="libs.javac-api.maven-pom" value="" />
    <property name="file.encoding.pkg" value="sun.io" />
    <property name="sun.cpu.endian" value="little" />
    <property name="libs.JAXB-ENDORSED.javadoc" value="" />
    <property name="reference.project-shared.jar" value="../project-shared/dist/project-shared.jar" />
    <property name="libs.JWSAntTasks.classpath" value="C:\ProgramData\App-V\10390847-DF06-455C-BE51-56865FA9F42E\2B219945-B646-41B0-84D4-E31AB2609F35\Root\NetBeans-8\java\ant\extra\org-netbeans-modules-javawebstart-anttasks.jar" />
    <property name="libs.spring-webmvc4.0.maven-pom" value="" />
    <property name="libs.spring-framework300.src" value="" />
    <property name="libs.jstl.src" value="" />
    <property name="empty.dir" value="H:\NetBeans\project\project-service-testing\build\empty" />
    <property name="version-output" value="java version &quot;1.8" />
    <property name="test.binarytestincludes" value="" />
    <property name="libs.hibernate4-persistencemodelgen.src" value="" />
    <property name="javadoc.preview" value="true" />
    <property name="libs.jpa20-persistence.javadoc" value="C:\ProgramData\App-V\10390847-DF06-455C-BE51-56865FA9F42E\2B219945-B646-41B0-84D4-E31AB2609F35\Root\NetBeans-8\java\modules\ext\docs\javax.persistence-2.1.0-doc.zip" />
    <property name="java.home" value="C:\ProgramData\App-V\10390847-DF06-455C-BE51-56865FA9F42E\2B219945-B646-41B0-84D4-E31AB2609F35\Root\jdk1.8.0_31\jre" />
    <property name="libs.jsp-compilation.src" value="" />
    <property name="debug.test.classpath" value="H:\NetBeans\jersey-lib\jersey\aopalliance-repackaged-2.4.0-b09.jar;H:\NetBeans\jersey-lib\jersey\hk2-api-2.4.0-b09.jar;H:\NetBeans\jersey-lib\jersey\hk2-locator-2.4.0-b09.jar;H:\NetBeans\jersey-lib\jersey\hk2-utils-2.4.0-b09.jar;H:\NetBeans\jersey-lib\jersey\javassist-3.18.1-GA.jar;H:\NetBeans\jersey-lib\jersey\javax.annotation-api-1.2.jar;H:\NetBeans\jersey-lib\jersey\javax.el-2.2.4.jar;H:\NetBeans\jersey-lib\jersey\javax.el-api-2.2.4.jar;H:\NetBeans\jersey-lib\jersey\javax.inject-1.jar;H:\NetBeans\jersey-lib\jersey\javax.inject-2.4.0-b09.jar;H:\NetBeans\jersey-lib\jersey\javax.ws.rs-api-2.0.1.jar;H:\NetBeans\jersey-lib\jersey\jersey-client-2.16.jar;H:\NetBeans\jersey-lib\jersey\jersey-common-2.16.jar;H:\NetBeans\jersey-lib\jersey\jersey-container-jdk-http-2.16.jar;H:\NetBeans\jersey-lib\jersey\jersey-declarative-linking-2.16.jar;H:\NetBeans\jersey-lib\jersey\jersey-entity-filtering-2.16.jar;H:\NetBeans\jersey-lib\jersey\jersey-guava-2.16.jar;H:\NetBeans\jersey-lib\jersey\jersey-media-jaxb-2.16.jar;H:\NetBeans\jersey-lib\jersey\jersey-media-moxy-2.16.jar;H:\NetBeans\jersey-lib\jersey\jersey-server-2.16.jar;H:\NetBeans\jersey-lib\jersey\org.eclipse.persistence.antlr-2.5.0.jar;H:\NetBeans\jersey-lib\jersey\org.eclipse.persistence.asm-2.5.0.jar;H:\NetBeans\jersey-lib\jersey\org.eclipse.persistence.core-2.5.0.jar;H:\NetBeans\jersey-lib\jersey\org.eclipse.persistence.moxy-2.5.0.jar;H:\NetBeans\jersey-lib\jersey\osgi-resource-locator-1.0.1.jar;H:\NetBeans\jersey-lib\jersey\validation-api-1.1.0.Final.jar:H:\NetBeans\logging-lib\logging\jcl-over-slf4j-1.7.7.jar;H:\NetBeans\logging-lib\logging\jul-to-slf4j-1.7.7.jar;H:\NetBeans\logging-lib\logging\logback-classic-1.1.2.jar;H:\NetBeans\logging-lib\logging\logback-core-1.1.2.jar;H:\NetBeans\logging-lib\logging\slf4j-api-1.7.7.jar:../project-shared/dist/project-shared.jar:build/classes:C:\ProgramData\App-V\10390847-DF06-455C-BE51-56865FA9F42E\2B219945-B646-41B0-84D4-E31AB2609F35\Root\NetBeans-8\platform\modules\ext\junit-4.10.jar:build/test/classes" />
    <property name="libs.javaee-endorsed-api-6.0.classpath" value="C:\ProgramData\App-V\10390847-DF06-455C-BE51-56865FA9F42E\2B219945-B646-41B0-84D4-E31AB2609F35\Root\NetBeans-8\enterprise\modules\ext\javaee6-endorsed\javax.annotation.jar;C:\ProgramData\App-V\10390847-DF06-455C-BE51-56865FA9F42E\2B219945-B646-41B0-84D4-E31AB2609F35\Root\NetBeans-8\enterprise\modules\ext\javaee6-endorsed\jaxb-api-osgi.jar;C:\ProgramData\App-V\10390847-DF06-455C-BE51-56865FA9F42E\2B219945-B646-41B0-84D4-E31AB2609F35\Root\NetBeans-8\enterprise\modules\ext\javaee6-endorsed\webservices-api-osgi.jar" />
    <property name="libs.javaee-api-6.0.src" value="" />
    <property name="netbeans.importclass" value="org.netbeans.upgrade.AutoUpgrade" />
    <property name="ant.project.default-target" value="default" />
    <property name="annotation.processing.run.all.processors" value="true" />
    <property name="libs.PostgreSQLDriver.javadoc" value="" />
    <property name="libs.restlib.classpath" value="C:\ProgramData\App-V\10390847-DF06-455C-BE51-56865FA9F42E\2B219945-B646-41B0-84D4-E31AB2609F35\Root\NetBeans-8\enterprise\modules\ext\jersey2\ext\asm-all-repackaged-2.2.0-b21.jar;C:\ProgramData\App-V\10390847-DF06-455C-BE51-56865FA9F42E\2B219945-B646-41B0-84D4-E31AB2609F35\Root\NetBeans-8\enterprise\modules\ext\jersey2\ext\cglib-2.2.0-b21.jar;C:\ProgramData\App-V\10390847-DF06-455C-BE51-56865FA9F42E\2B219945-B646-41B0-84D4-E31AB2609F35\Root\NetBeans-8\enterprise\modules\ext\jersey2\ext\guava-14.0.1.jar;C:\ProgramData\App-V\10390847-DF06-455C-BE51-56865FA9F42E\2B219945-B646-41B0-84D4-E31AB2609F35\Root\NetBeans-8\enterprise\modules\ext\jersey2\ext\hk2-api-2.2.0-b21.jar;C:\ProgramData\App-V\10390847-DF06-455C-BE51-56865FA9F42E\2B219945-B646-41B0-84D4-E31AB2609F35\Root\NetBeans-8\enterprise\modules\ext\jersey2\ext\hk2-locator-2.2.0-b21.jar;C:\ProgramData\App-V\10390847-DF06-455C-BE51-56865FA9F42E\2B219945-B646-41B0-84D4-E31AB2609F35\Root\NetBeans-8\enterprise\modules\ext\jersey2\ext\hk2-utils-2.2.0-b21.jar;C:\ProgramData\App-V\10390847-DF06-455C-BE51-56865FA9F42E\2B219945-B646-41B0-84D4-E31AB2609F35\Root\NetBeans-8\enterprise\modules\ext\jersey2\ext\javax.annotation-api-1.2.jar;C:\ProgramData\App-V\10390847-DF06-455C-BE51-56865FA9F42E\2B219945-B646-41B0-84D4-E31AB2609F35\Root\NetBeans-8\enterprise\modules\ext\jersey2\ext\javax.inject-2.2.0-b21.jar;C:\ProgramData\App-V\10390847-DF06-455C-BE51-56865FA9F42E\2B219945-B646-41B0-84D4-E31AB2609F35\Root\NetBeans-8\enterprise\modules\ext\jersey2\ext\javax.servlet-api-3.0.1.jar;C:\ProgramData\App-V\10390847-DF06-455C-BE51-56865FA9F42E\2B219945-B646-41B0-84D4-E31AB2609F35\Root\NetBeans-8\enterprise\modules\ext\jersey2\ext\jaxb-api-2.2.7.jar;C:\ProgramData\App-V\10390847-DF06-455C-BE51-56865FA9F42E\2B219945-B646-41B0-84D4-E31AB2609F35\Root\NetBeans-8\enterprise\modules\ext\jersey2\ext\jersey-entity-filtering-2.5.1.jar;C:\ProgramData\App-V\10390847-DF06-455C-BE51-56865FA9F42E\2B219945-B646-41B0-84D4-E31AB2609F35\Root\NetBeans-8\enterprise\modules\ext\jersey2\ext\jersey-media-moxy-2.5.1.jar;C:\ProgramData\App-V\10390847-DF06-455C-BE51-56865FA9F42E\2B219945-B646-41B0-84D4-E31AB2609F35\Root\NetBeans-8\enterprise\modules\ext\jersey2\ext\org.osgi.core-4.2.0.jar;C:\ProgramData\App-V\10390847-DF06-455C-BE51-56865FA9F42E\2B219945-B646-41B0-84D4-E31AB2609F35\Root\NetBeans-8\enterprise\modules\ext\jersey2\ext\osgi-resource-locator-1.0.1.jar;C:\ProgramData\App-V\10390847-DF06-455C-BE51-56865FA9F42E\2B219945-B646-41B0-84D4-E31AB2609F35\Root\NetBeans-8\enterprise\modules\ext\jersey2\ext\persistence-api-1.0.jar;C:\ProgramData\App-V\10390847-DF06-455C-BE51-56865FA9F42E\2B219945-B646-41B0-84D4-E31AB2609F35\Root\NetBeans-8\enterprise\modules\ext\jersey2\ext\validation-api-1.1.0.Final.jar;C:\ProgramData\App-V\10390847-DF06-455C-BE51-56865FA9F42E\2B219945-B646-41B0-84D4-E31AB2609F35\Root\NetBeans-8\enterprise\modules\ext\jersey2\jersey-client.jar;C:\ProgramData\App-V\10390847-DF06-455C-BE51-56865FA9F42E\2B219945-B646-41B0-84D4-E31AB2609F35\Root\NetBeans-8\enterprise\modules\ext\jersey2\jersey-common.jar;C:\ProgramData\App-V\10390847-DF06-455C-BE51-56865FA9F42E\2B219945-B646-41B0-84D4-E31AB2609F35\Root\NetBeans-8\enterprise\modules\ext\jersey2\jersey-container-servlet.jar;C:\ProgramData\App-V\10390847-DF06-455C-BE51-56865FA9F42E\2B219945-B646-41B0-84D4-E31AB2609F35\Root\NetBeans-8\enterprise\modules\ext\jersey2\jersey-container-servlet-core.jar;C:\ProgramData\App-V\10390847-DF06-455C-BE51-56865FA9F42E\2B219945-B646-41B0-84D4-E31AB2609F35\Root\NetBeans-8\enterprise\modules\ext\jersey2\jersey-server.jar;C:\ProgramData\App-V\10390847-DF06-455C-BE51-56865FA9F42E\2B219945-B646-41B0-84D4-E31AB2609F35\Root\NetBeans-8\java\modules\ext\eclipselink\eclipselink.jar" />
    <property name="libs.MySQLDriver.maven-pom" value="" />
    <property name="libs.hibernate4-persistence.javadoc" value="C:\ProgramData\App-V\10390847-DF06-455C-BE51-56865FA9F42E\2B219945-B646-41B0-84D4-E31AB2609F35\Root\NetBeans-8\java\modules\ext\docs\javax.persistence-2.1.0-doc.zip" />
    <property name="http.nonProxyHosts" value="localhost|127.0.0.1|mds-xa201s-p028" />
    <property name="libs.junit_4.javadoc" value="C:\ProgramData\App-V\10390847-DF06-455C-BE51-56865FA9F42E\2B219945-B646-41B0-84D4-E31AB2609F35\Root\NetBeans-8\java\docs\junit-4.10-javadoc.jar" />
    <property name="libs.javaee-web-api-6.0.maven-pom" value="" />
    <property name="run.classpath" value="H:\NetBeans\jersey-lib\jersey\aopalliance-repackaged-2.4.0-b09.jar;H:\NetBeans\jersey-lib\jersey\hk2-api-2.4.0-b09.jar;H:\NetBeans\jersey-lib\jersey\hk2-locator-2.4.0-b09.jar;H:\NetBeans\jersey-lib\jersey\hk2-utils-2.4.0-b09.jar;H:\NetBeans\jersey-lib\jersey\javassist-3.18.1-GA.jar;H:\NetBeans\jersey-lib\jersey\javax.annotation-api-1.2.jar;H:\NetBeans\jersey-lib\jersey\javax.el-2.2.4.jar;H:\NetBeans\jersey-lib\jersey\javax.el-api-2.2.4.jar;H:\NetBeans\jersey-lib\jersey\javax.inject-1.jar;H:\NetBeans\jersey-lib\jersey\javax.inject-2.4.0-b09.jar;H:\NetBeans\jersey-lib\jersey\javax.ws.rs-api-2.0.1.jar;H:\NetBeans\jersey-lib\jersey\jersey-client-2.16.jar;H:\NetBeans\jersey-lib\jersey\jersey-common-2.16.jar;H:\NetBeans\jersey-lib\jersey\jersey-container-jdk-http-2.16.jar;H:\NetBeans\jersey-lib\jersey\jersey-declarative-linking-2.16.jar;H:\NetBeans\jersey-lib\jersey\jersey-entity-filtering-2.16.jar;H:\NetBeans\jersey-lib\jersey\jersey-guava-2.16.jar;H:\NetBeans\jersey-lib\jersey\jersey-media-jaxb-2.16.jar;H:\NetBeans\jersey-lib\jersey\jersey-media-moxy-2.16.jar;H:\NetBeans\jersey-lib\jersey\jersey-server-2.16.jar;H:\NetBeans\jersey-lib\jersey\org.eclipse.persistence.antlr-2.5.0.jar;H:\NetBeans\jersey-lib\jersey\org.eclipse.persistence.asm-2.5.0.jar;H:\NetBeans\jersey-lib\jersey\org.eclipse.persistence.core-2.5.0.jar;H:\NetBeans\jersey-lib\jersey\org.eclipse.persistence.moxy-2.5.0.jar;H:\NetBeans\jersey-lib\jersey\osgi-resource-locator-1.0.1.jar;H:\NetBeans\jersey-lib\jersey\validation-api-1.1.0.Final.jar:H:\NetBeans\logging-lib\logging\jcl-over-slf4j-1.7.7.jar;H:\NetBeans\logging-lib\logging\jul-to-slf4j-1.7.7.jar;H:\NetBeans\logging-lib\logging\logback-classic-1.1.2.jar;H:\NetBeans\logging-lib\logging\logback-core-1.1.2.jar;H:\NetBeans\logging-lib\logging\slf4j-api-1.7.7.jar:../project-shared/dist/project-shared.jar:build/classes" />
    <property name="jna.boot.library.name" value="jnidispatch-410" />
    <property name="libs.javaee-endorsed-api-6.0.javadoc" value="C:\ProgramData\App-V\10390847-DF06-455C-BE51-56865FA9F42E\2B219945-B646-41B0-84D4-E31AB2609F35\Root\NetBeans-8\enterprise\docs\javaee-doc-api.jar" />
    <property name="libs.javaee-api-7.0.classpath" value="C:\ProgramData\App-V\10390847-DF06-455C-BE51-56865FA9F42E\2B219945-B646-41B0-84D4-E31AB2609F35\Root\NetBeans-8\enterprise\modules\ext\javaee-api-7.0.jar" />
    <property name="sun.awt.datatransfer.timeout" value="1000" />
    <property name="libs.Camel.javadoc" value="" />
    <property name="libs.spring-webmvc3.0.javadoc" value="" />
    <property name="libs.jpa2-persistence.maven-pom" value="" />
    <property name="annotation.processing.enabled.in.editor" value="false" />
    <property name="libs.hibernate4-support.classpath" value="C:\ProgramData\App-V\10390847-DF06-455C-BE51-56865FA9F42E\2B219945-B646-41B0-84D4-E31AB2609F35\Root\NetBeans-8\java\modules\ext\hibernate4\antlr-2.7.7.jar;C:\ProgramData\App-V\10390847-DF06-455C-BE51-56865FA9F42E\2B219945-B646-41B0-84D4-E31AB2609F35\Root\NetBeans-8\java\modules\ext\hibernate4\c3p0-0.9.2.1.jar;C:\ProgramData\App-V\10390847-DF06-455C-BE51-56865FA9F42E\2B219945-B646-41B0-84D4-E31AB2609F35\Root\NetBeans-8\java\modules\ext\hibernate4\hibernate-c3p0-4.3.1.Final.jar;C:\ProgramData\App-V\10390847-DF06-455C-BE51-56865FA9F42E\2B219945-B646-41B0-84D4-E31AB2609F35\Root\NetBeans-8\java\modules\ext\hibernate4\mchange-commons-java-0.2.3.4.jar;C:\ProgramData\App-V\10390847-DF06-455C-BE51-56865FA9F42E\2B219945-B646-41B0-84D4-E31AB2609F35\Root\NetBeans-8\java\modules\ext\hibernate4\dom4j-1.6.1.jar;C:\ProgramData\App-V\10390847-DF06-455C-BE51-56865FA9F42E\2B219945-B646-41B0-84D4-E31AB2609F35\Root\NetBeans-8\java\modules\ext\hibernate4\ehcache-core-2.4.3.jar;C:\ProgramData\App-V\10390847-DF06-455C-BE51-56865FA9F42E\2B219945-B646-41B0-84D4-E31AB2609F35\Root\NetBeans-8\java\modules\ext\hibernate4\hibernate-ehcache-4.3.1.Final.jar;C:\ProgramData\App-V\10390847-DF06-455C-BE51-56865FA9F42E\2B219945-B646-41B0-84D4-E31AB2609F35\Root\NetBeans-8\java\modules\ext\hibernate4\hibernate-core-4.3.1.Final.jar;C:\ProgramData\App-V\10390847-DF06-455C-BE51-56865FA9F42E\2B219945-B646-41B0-84D4-E31AB2609F35\Root\NetBeans-8\java\modules\ext\hibernate4\jboss-logging-3.1.3.GA.jar;C:\ProgramData\App-V\10390847-DF06-455C-BE51-56865FA9F42E\2B219945-B646-41B0-84D4-E31AB2609F35\Root\NetBeans-8\java\modules\ext\hibernate4\hibernate-commons-annotations-4.0.4.Final.jar;C:\ProgramData\App-V\10390847-DF06-455C-BE51-56865FA9F42E\2B219945-B646-41B0-84D4-E31AB2609F35\Root\NetBeans-8\java\modules\ext\hibernate4\hibernate-entitymanager-4.3.1.Final.jar;C:\ProgramData\App-V\10390847-DF06-455C-BE51-56865FA9F42E\2B219945-B646-41B0-84D4-E31AB2609F35\Root\NetBeans-8\java\modules\ext\hibernate4\javassist-3.18.1-GA.jar;C:\ProgramData\App-V\10390847-DF06-455C-BE51-56865FA9F42E\2B219945-B646-41B0-84D4-E31AB2609F35\Root\NetBeans-8\java\modules\ext\hibernate4\jboss-transaction-api_1.2_spec-1.0.0.Final.jar;C:\ProgramData\App-V\10390847-DF06-455C-BE51-56865FA9F42E\2B219945-B646-41B0-84D4-E31AB2609F35\Root\NetBeans-8\java\modules\ext\hibernate4\slf4j-api-1.6.1.jar;C:\ProgramData\App-V\10390847-DF06-455C-BE51-56865FA9F42E\2B219945-B646-41B0-84D4-E31AB2609F35\Root\NetBeans-8\java\modules\ext\hibernate4\slf4j-simple-1.6.1.jar" />
    <property name="nb.native.filechooser" value="false" />
    <property name="libs.restapi.src" value="" />
    <property name="sun.management.compiler" value="HotSpot 64-Bit Tiered Compilers" />
    <property name="javac.deprecation" value="false" />
    <property name="javadoc.use" value="true" />
    <property name="sun.java2d.noddraw" value="true" />
    <property name="libs.jsp-compiler.classpath" value="C:\ProgramData\App-V\10390847-DF06-455C-BE51-56865FA9F42E\2B219945-B646-41B0-84D4-E31AB2609F35\Root\NetBeans-8\enterprise\ant\extra\jspcompile.jar" />
    <property name="javac.processorpath" value="H:\NetBeans\jersey-lib\jersey\aopalliance-repackaged-2.4.0-b09.jar;H:\NetBeans\jersey-lib\jersey\hk2-api-2.4.0-b09.jar;H:\NetBeans\jersey-lib\jersey\hk2-locator-2.4.0-b09.jar;H:\NetBeans\jersey-lib\jersey\hk2-utils-2.4.0-b09.jar;H:\NetBeans\jersey-lib\jersey\javassist-3.18.1-GA.jar;H:\NetBeans\jersey-lib\jersey\javax.annotation-api-1.2.jar;H:\NetBeans\jersey-lib\jersey\javax.el-2.2.4.jar;H:\NetBeans\jersey-lib\jersey\javax.el-api-2.2.4.jar;H:\NetBeans\jersey-lib\jersey\javax.inject-1.jar;H:\NetBeans\jersey-lib\jersey\javax.inject-2.4.0-b09.jar;H:\NetBeans\jersey-lib\jersey\javax.ws.rs-api-2.0.1.jar;H:\NetBeans\jersey-lib\jersey\jersey-client-2.16.jar;H:\NetBeans\jersey-lib\jersey\jersey-common-2.16.jar;H:\NetBeans\jersey-lib\jersey\jersey-container-jdk-http-2.16.jar;H:\NetBeans\jersey-lib\jersey\jersey-declarative-linking-2.16.jar;H:\NetBeans\jersey-lib\jersey\jersey-entity-filtering-2.16.jar;H:\NetBeans\jersey-lib\jersey\jersey-guava-2.16.jar;H:\NetBeans\jersey-lib\jersey\jersey-media-jaxb-2.16.jar;H:\NetBeans\jersey-lib\jersey\jersey-media-moxy-2.16.jar;H:\NetBeans\jersey-lib\jersey\jersey-server-2.16.jar;H:\NetBeans\jersey-lib\jersey\org.eclipse.persistence.antlr-2.5.0.jar;H:\NetBeans\jersey-lib\jersey\org.eclipse.persistence.asm-2.5.0.jar;H:\NetBeans\jersey-lib\jersey\org.eclipse.persistence.core-2.5.0.jar;H:\NetBeans\jersey-lib\jersey\org.eclipse.persistence.moxy-2.5.0.jar;H:\NetBeans\jersey-lib\jersey\osgi-resource-locator-1.0.1.jar;H:\NetBeans\jersey-lib\jersey\validation-api-1.1.0.Final.jar:H:\NetBeans\logging-lib\logging\jcl-over-slf4j-1.7.7.jar;H:\NetBeans\logging-lib\logging\jul-to-slf4j-1.7.7.jar;H:\NetBeans\logging-lib\logging\logback-classic-1.1.2.jar;H:\NetBeans\logging-lib\logging\logback-core-1.1.2.jar;H:\NetBeans\logging-lib\logging\slf4j-api-1.7.7.jar:../project-shared/dist/project-shared.jar" />
    <property name="javac.compilerargs" value="" />
    <property name="ant.file" value="H:\NetBeans\project\project-service-testing\build.xml" />
    <property name="libs.beans-binding.maven-pom" value="" />
    <property name="libs.hibernate4-support.javadoc" value="C:\ProgramData\App-V\10390847-DF06-455C-BE51-56865FA9F42E\2B219945-B646-41B0-84D4-E31AB2609F35\Root\NetBeans-8\java\modules\ext\docs\javax.persistence-2.1.0-doc.zip" />
    <property name="libs.jsf12.classpath" value="C:\ProgramData\App-V\10390847-DF06-455C-BE51-56865FA9F42E\2B219945-B646-41B0-84D4-E31AB2609F35\Root\NetBeans-8\enterprise\modules\ext\jsf-1_2\commons-beanutils.jar;C:\ProgramData\App-V\10390847-DF06-455C-BE51-56865FA9F42E\2B219945-B646-41B0-84D4-E31AB2609F35\Root\NetBeans-8\enterprise\modules\ext\jsf-1_2\commons-collections.jar;C:\ProgramData\App-V\10390847-DF06-455C-BE51-56865FA9F42E\2B219945-B646-41B0-84D4-E31AB2609F35\Root\NetBeans-8\enterprise\modules\ext\jsf-1_2\commons-digester.jar;C:\ProgramData\App-V\10390847-DF06-455C-BE51-56865FA9F42E\2B219945-B646-41B0-84D4-E31AB2609F35\Root\NetBeans-8\enterprise\modules\ext\jsf-1_2\commons-logging.jar;C:\ProgramData\App-V\10390847-DF06-455C-BE51-56865FA9F42E\2B219945-B646-41B0-84D4-E31AB2609F35\Root\NetBeans-8\enterprise\modules\ext\jsf-1_2\jsf-api.jar;C:\ProgramData\App-V\10390847-DF06-455C-BE51-56865FA9F42E\2B219945-B646-41B0-84D4-E31AB2609F35\Root\NetBeans-8\enterprise\modules\ext\jsf-1_2\jsf-impl.jar" />
    <property name="libs.jstl.maven-pom" value="" />
    <property name="libs.restapi.maven-pom" value="" />
    <property name="libs.beans-binding.src" value="" />
    <property name="java.vm.specification.vendor" value="Oracle Corporation" />
    <property name="libs.swing-layout.src" value="C:\ProgramData\App-V\10390847-DF06-455C-BE51-56865FA9F42E\2B219945-B646-41B0-84D4-E31AB2609F35\Root\NetBeans-8\platform\docs\swing-layout-1.0.4-src.zip" />
    <property name="org.openide.major.version" value="IDE/1" />
    <property name="java.vm.name" value="Java HotSpot(TM) 64-Bit Server VM" />
    <property name="netbeans.user" value="H:\RedirectedFolders\Documents\NetBeans8\Workspace" />
    <property name="javadoc.additionalparam" value="" />
    <property name="java.io.tmpdir" value="C:\Users\hiclu995\AppData\Local\Temp\" />
    <property name="java.vendor.url" value="http://java.oracle.com/" />
    <property name="endorsed.classpath.cmd.line.arg" value="" />
    <property name="junit.available" value="true" />
    <property name="libs.jsp-compiler.src" value="" />
    <property name="org.openide.awt.ActionReference.completion" value="org.netbeans.modules.apisupport.project.layers.PathCompletions" />
    <property name="sun.boot.library.path" value="C:\ProgramData\App-V\10390847-DF06-455C-BE51-56865FA9F42E\2B219945-B646-41B0-84D4-E31AB2609F35\Root\jdk1.8.0_31\jre\bin" />
    <property name="have.sources" value="true" />
    <property name="debug.classpath" value="H:\NetBeans\jersey-lib\jersey\aopalliance-repackaged-2.4.0-b09.jar;H:\NetBeans\jersey-lib\jersey\hk2-api-2.4.0-b09.jar;H:\NetBeans\jersey-lib\jersey\hk2-locator-2.4.0-b09.jar;H:\NetBeans\jersey-lib\jersey\hk2-utils-2.4.0-b09.jar;H:\NetBeans\jersey-lib\jersey\javassist-3.18.1-GA.jar;H:\NetBeans\jersey-lib\jersey\javax.annotation-api-1.2.jar;H:\NetBeans\jersey-lib\jersey\javax.el-2.2.4.jar;H:\NetBeans\jersey-lib\jersey\javax.el-api-2.2.4.jar;H:\NetBeans\jersey-lib\jersey\javax.inject-1.jar;H:\NetBeans\jersey-lib\jersey\javax.inject-2.4.0-b09.jar;H:\NetBeans\jersey-lib\jersey\javax.ws.rs-api-2.0.1.jar;H:\NetBeans\jersey-lib\jersey\jersey-client-2.16.jar;H:\NetBeans\jersey-lib\jersey\jersey-common-2.16.jar;H:\NetBeans\jersey-lib\jersey\jersey-container-jdk-http-2.16.jar;H:\NetBeans\jersey-lib\jersey\jersey-declarative-linking-2.16.jar;H:\NetBeans\jersey-lib\jersey\jersey-entity-filtering-2.16.jar;H:\NetBeans\jersey-lib\jersey\jersey-guava-2.16.jar;H:\NetBeans\jersey-lib\jersey\jersey-media-jaxb-2.16.jar;H:\NetBeans\jersey-lib\jersey\jersey-media-moxy-2.16.jar;H:\NetBeans\jersey-lib\jersey\jersey-server-2.16.jar;H:\NetBeans\jersey-lib\jersey\org.eclipse.persistence.antlr-2.5.0.jar;H:\NetBeans\jersey-lib\jersey\org.eclipse.persistence.asm-2.5.0.jar;H:\NetBeans\jersey-lib\jersey\org.eclipse.persistence.core-2.5.0.jar;H:\NetBeans\jersey-lib\jersey\org.eclipse.persistence.moxy-2.5.0.jar;H:\NetBeans\jersey-lib\jersey\osgi-resource-locator-1.0.1.jar;H:\NetBeans\jersey-lib\jersey\validation-api-1.1.0.Final.jar:H:\NetBeans\logging-lib\logging\jcl-over-slf4j-1.7.7.jar;H:\NetBeans\logging-lib\logging\jul-to-slf4j-1.7.7.jar;H:\NetBeans\logging-lib\logging\logback-classic-1.1.2.jar;H:\NetBeans\logging-lib\logging\logback-core-1.1.2.jar;H:\NetBeans\logging-lib\logging\slf4j-api-1.7.7.jar:../project-shared/dist/project-shared.jar:build/classes" />
    <property name="javadoc.private" value="false" />
    <property name="test.src.dir" value="test" />
    <property name="libs.jsf20.classpath" value="C:\ProgramData\App-V\10390847-DF06-455C-BE51-56865FA9F42E\2B219945-B646-41B0-84D4-E31AB2609F35\Root\NetBeans-8\enterprise\modules\ext\jsf-2_2\javax.faces.jar" />
    <property name="ap.processors.internal" value="" />
    <property name="meta.inf.dir" value="src/META-INF" />
    <property name="javadoc.encoding.used" value="UTF-8" />
    <property name="project.project-shared" value="../project-shared" />
    <property name="libs.INFO323-Jersey.javadoc" value="" />
    <property name="dist.jar" value="dist/project-service-testing.jar" />
    <property name="libs.spring-framework400.maven-pom" value="" />
    <property name="java.runtime.name" value="Java(TM) SE Runtime Environment" />
    <property name="ant.project.name" value="project-service-testing" />
    <property name="netbeans.hash.code" value="unique=NB_EXTIDE_JAVA_WEBCOMMON_WEBEE035363c6d-2520-43a9-bab4-9e1a1f30cf20_80288457-fea6-4535-b9f2-eedc64596519" />
    <property name="netbeans.default_userdir_root" value="\\student.otago.ac.nz\mds\Profiles\stud2\h\5\hiclu995\RedirectedFolders\AppData\NetBeans" />
    <property name="libs.jsp-compilation-syscp.maven-pom" value="" />
    <property name="sun.cpu.isalist" value="amd64" />
    <property name="libs.spring-framework400.javadoc" value="" />
    <property name="libs.CopyLibs.javadoc" value="" />
    <property name="org.openide.specification.version" value="6.2" />
    <property name="user.home" value="C:\Users\hiclu995" />
    <property name="annotation.processing.processors.list" value="" />
    <property name="libs.Camel.maven-pom" value="" />
    <property name="libs.primefaces.maven-pom" value="" />
    <property name="debug-args-line" value="-Xdebug" />
    <property name="libs.javaee-api-6.0.maven-pom" value="" />
    <property name="libs.JWSAntTasks.src" value="" />
    <property name="jar.index" value="false" />
    <property name="libs.CopyLibs.maven-pom" value="" />
    <property name="libs.spring-framework300.javadoc" value="" />
    <property name="libs.absolutelayout.javadoc" value="" />
    <property name="java.specification.name" value="Java Platform API Specification" />
    <property name="nu.validator.spec.microsyntax-descriptions" value="jar:file:/C:/ProgramData/App-V/10390847-DF06-455C-BE51-56865FA9F42E/2B219945-B646-41B0-84D4-E31AB2609F35/Root/NetBeans-8/ide/modules/ext/validator.jar!/nu/validator/localentities/files/wiki_whatwg_org_wiki_MicrosyntaxDescriptions" />
    <property name="java.specification.vendor" value="Oracle Corporation" />
    <property name="libs.javac-api.classpath" value="C:\ProgramData\App-V\10390847-DF06-455C-BE51-56865FA9F42E\2B219945-B646-41B0-84D4-E31AB2609F35\Root\NetBeans-8\java\modules\ext\nb-javac-api.jar" />
    <property name="java.version" value="1.8.0_31" />
    <property name="run.jvmargs.ide" value="" />
    <property name="javadoc.version" value="false" />
    <property name="libs.MySQLDriver.javadoc" value="" />
    <property name="org.openide.version" value="deprecated" />
    <property name="platform.java" value="C:\Apps\jdk1.8.0_31\jre/bin/java" />
    <property name="source.encoding" value="UTF-8" />
    <property name="ap.cmd.line.internal" value="" />
    <property name="libs.eclipselinkmodelgen.maven-pom" value="" />
    <property name="libs.jsp-compilation-syscp.javadoc" value="" />
    <property name="libs.junit.maven-pom" value="" />
    <property name="libs.eclipselinkmodelgen.javadoc" value="" />
    <property name="libs.javaee-endorsed-api-7.0.classpath" value="C:\ProgramData\App-V\10390847-DF06-455C-BE51-56865FA9F42E\2B219945-B646-41B0-84D4-E31AB2609F35\Root\NetBeans-8\enterprise\modules\ext\javaee7-endorsed\javax.annotation-api.jar;C:\ProgramData\App-V\10390847-DF06-455C-BE51-56865FA9F42E\2B219945-B646-41B0-84D4-E31AB2609F35\Root\NetBeans-8\enterprise\modules\ext\javaee7-endorsed\javax.xml.soap-api.jar;C:\ProgramData\App-V\10390847-DF06-455C-BE51-56865FA9F42E\2B219945-B646-41B0-84D4-E31AB2609F35\Root\NetBeans-8\enterprise\modules\ext\javaee7-endorsed\jaxb-api-osgi.jar;C:\ProgramData\App-V\10390847-DF06-455C-BE51-56865FA9F42E\2B219945-B646-41B0-84D4-E31AB2609F35\Root\NetBeans-8\enterprise\modules\ext\javaee7-endorsed\jaxws-api.jar;C:\ProgramData\App-V\10390847-DF06-455C-BE51-56865FA9F42E\2B219945-B646-41B0-84D4-E31AB2609F35\Root\NetBeans-8\enterprise\modules\ext\javaee7-endorsed\jsr181-api.jar" />
    <property name="libs.metro.javadoc" value="C:\ProgramData\App-V\10390847-DF06-455C-BE51-56865FA9F42E\2B219945-B646-41B0-84D4-E31AB2609F35\Root\NetBeans-8\enterprise\docs\metro-1.4-doc.zip" />
    <property name="libs.struts.maven-pom" value="" />
    <property name="netbeans.home+have.tests" value="true" />
    <property name="annotation.processing.processor.options" value="" />
    <property name="libs.testng.maven-pom" value="" />
    <property name="libs.jaxb.src" value="" />
    <property name="work.dir" value="H:\NetBeans\project\project-service-testing" />
    <property name="libs.jaxb.classpath" value="C:\ProgramData\App-V\10390847-DF06-455C-BE51-56865FA9F42E\2B219945-B646-41B0-84D4-E31AB2609F35\Root\NetBeans-8\ide\modules\ext\jaxb\jaxb-impl.jar;C:\ProgramData\App-V\10390847-DF06-455C-BE51-56865FA9F42E\2B219945-B646-41B0-84D4-E31AB2609F35\Root\NetBeans-8\ide\modules\ext\jaxb\jaxb-xjc.jar;C:\ProgramData\App-V\10390847-DF06-455C-BE51-56865FA9F42E\2B219945-B646-41B0-84D4-E31AB2609F35\Root\NetBeans-8\ide\modules\ext\jaxb\jaxb1-impl.jar;C:\ProgramData\App-V\10390847-DF06-455C-BE51-56865FA9F42E\2B219945-B646-41B0-84D4-E31AB2609F35\Root\NetBeans-8\ide\modules\ext\jaxb\activation.jar;C:\ProgramData\App-V\10390847-DF06-455C-BE51-56865FA9F42E\2B219945-B646-41B0-84D4-E31AB2609F35\Root\NetBeans-8\ide\modules\ext\jaxb\api\jaxb-api.jar;C:\ProgramData\App-V\10390847-DF06-455C-BE51-56865FA9F42E\2B219945-B646-41B0-84D4-E31AB2609F35\Root\NetBeans-8\ide\modules\ext\jaxb\api\jsr173_1.0_api.jar" />
    <property name="do.depend" value="false" />
    <property name="dist.javadoc.dir" value="dist/javadoc" />
    <property name="libs.spring-webmvc3.0.classpath" value="C:\ProgramData\App-V\10390847-DF06-455C-BE51-56865FA9F42E\2B219945-B646-41B0-84D4-E31AB2609F35\Root\NetBeans-8\java\modules\ext\spring-3.0\spring-webmvc-3.2.7.RELEASE.jar" />
    <property name="libs.swing-layout.classpath" value="C:\ProgramData\App-V\10390847-DF06-455C-BE51-56865FA9F42E\2B219945-B646-41B0-84D4-E31AB2609F35\Root\NetBeans-8\platform\modules\ext\swing-layout-1.0.4.jar" />
    <property name="libs.INFO323-Logging.maven-pom" value="" />
    <property name="libs.javaee-web-api-7.0.maven-pom" value="" />
    <property name="libs.restlib.src" value="" />
    <property name="build.generated.dir" value="build/generated" />
    <property name="javac.source" value="1.8" />
    <property name="line.separator" value="&#xd;&#xa;" />
    <property name="java.specification.version" value="1.8" />
    <property name="java.vm.info" value="mixed mode" />
    <property name="libs.jaxws21.maven-pom" value="" />
    <property name="nb.junit.batch" value="true" />
    <property name="junit.forkmode" value="perTest" />
    <property name="sun.boot.class.path" value="C:\ProgramData\App-V\10390847-DF06-455C-BE51-56865FA9F42E\2B219945-B646-41B0-84D4-E31AB2609F35\Root\jdk1.8.0_31\jre\lib\resources.jar;C:\ProgramData\App-V\10390847-DF06-455C-BE51-56865FA9F42E\2B219945-B646-41B0-84D4-E31AB2609F35\Root\jdk1.8.0_31\jre\lib\rt.jar;C:\ProgramData\App-V\10390847-DF06-455C-BE51-56865FA9F42E\2B219945-B646-41B0-84D4-E31AB2609F35\Root\jdk1.8.0_31\jre\lib\sunrsasign.jar;C:\ProgramData\App-V\10390847-DF06-455C-BE51-56865FA9F42E\2B219945-B646-41B0-84D4-E31AB2609F35\Root\jdk1.8.0_31\jre\lib\jsse.jar;C:\ProgramData\App-V\10390847-DF06-455C-BE51-56865FA9F42E\2B219945-B646-41B0-84D4-E31AB2609F35\Root\jdk1.8.0_31\jre\lib\jce.jar;C:\ProgramData\App-V\10390847-DF06-455C-BE51-56865FA9F42E\2B219945-B646-41B0-84D4-E31AB2609F35\Root\jdk1.8.0_31\jre\lib\charsets.jar;C:\ProgramData\App-V\10390847-DF06-455C-BE51-56865FA9F42E\2B219945-B646-41B0-84D4-E31AB2609F35\Root\jdk1.8.0_31\jre\lib\jfr.jar;C:\ProgramData\App-V\10390847-DF06-455C-BE51-56865FA9F42E\2B219945-B646-41B0-84D4-E31AB2609F35\Root\jdk1.8.0_31\jre\classes" />
    <property name="javac.target" value="1.8" />
    <property name="built-jar.properties" value="H:\NetBeans\project\project-service-testing\build\built-jar.properties" />
    <property name="build.test.classes.dir" value="build/test/classes" />
    <property name="src.dir" value="src" />
    <property name="annotation.processing.enabled" value="true" />
    <property name="libs.jpa2-persistence.src" value="" />
    <property name="sun.awt.keepWorkingSetOnMinimize" value="true" />
    <property name="libs.jsf20.src" value="" />
    <property name="libs.jpa20-persistence.src" value="" />
    <property name="libs.jsf12.src" value="" />
    <property name="libs.JAVADB_DRIVER_LABEL.maven-pom" value="" />
    <property name="libs.struts.javadoc" value="C:\ProgramData\App-V\10390847-DF06-455C-BE51-56865FA9F42E\2B219945-B646-41B0-84D4-E31AB2609F35\Root\NetBeans-8\enterprise\docs\struts-1.3.10-javadoc.zip" />
    <property name="ant.file.project-service-testing-impl" value="H:\NetBeans\project\project-service-testing\nbproject\build-impl.xml" />
    <property name="libs.javaee-web-api-7.0.src" value="" />
    <property name="libs.primefaces.src" value="" />
    <property name="dist.dir" value="dist" />
    <property name="testng.debug.mode" value="" />
    <property name="javac.fork" value="false" />
    <property name="java.awt.printerjob" value="sun.awt.windows.WPrinterJob" />
    <property name="default.javac.source" value="1.8" />
    <property name="debug-transport-by-os" value="dt_shmem" />
    <property name="libs.MySQLDriver.src" value="" />
    <property name="sun.jnu.encoding" value="Cp1252" />
    <property name="java.runtime.version" value="1.8.0_31-b13" />
    <property name="build.test.results.dir" value="build/test/results" />
    <property name="default.javac.target" value="1.8" />
    <property name="libs.junit_4.classpath" value="C:\ProgramData\App-V\10390847-DF06-455C-BE51-56865FA9F42E\2B219945-B646-41B0-84D4-E31AB2609F35\Root\NetBeans-8\platform\modules\ext\junit-4.10.jar" />
    <property name="user.timezone" value="Pacific/Auckland" />
    <property name="nb.junit.single" value="false" />
    <property name="do.jar" value="false" />
    <property name="libs.javaee-endorsed-api-6.0.maven-pom" value="" />
    <property name="libs.JAVADB_DRIVER_LABEL.javadoc" value="" />
    <property name="netbeans.dirs" value="C:\ProgramData\App-V\10390847-DF06-455C-BE51-56865FA9F42E\2B219945-B646-41B0-84D4-E31AB2609F35\Root\NetBeans-8\nb;C:\ProgramData\App-V\10390847-DF06-455C-BE51-56865FA9F42E\2B219945-B646-41B0-84D4-E31AB2609F35\Root\NetBeans-8\ergonomics;C:\ProgramData\App-V\10390847-DF06-455C-BE51-56865FA9F42E\2B219945-B646-41B0-84D4-E31AB2609F35\Root\NetBeans-8\ide;C:\ProgramData\App-V\10390847-DF06-455C-BE51-56865FA9F42E\2B219945-B646-41B0-84D4-E31AB2609F35\Root\NetBeans-8\extide;C:\ProgramData\App-V\10390847-DF06-455C-BE51-56865FA9F42E\2B219945-B646-41B0-84D4-E31AB2609F35\Root\NetBeans-8\java;C:\ProgramData\App-V\10390847-DF06-455C-BE51-56865FA9F42E\2B219945-B646-41B0-84D4-E31AB2609F35\Root\NetBeans-8\apisupport;C:\ProgramData\App-V\10390847-DF06-455C-BE51-56865FA9F42E\2B219945-B646-41B0-84D4-E31AB2609F35\Root\NetBeans-8\webcommon;C:\ProgramData\App-V\10390847-DF06-455C-BE51-56865FA9F42E\2B219945-B646-41B0-84D4-E31AB2609F35\Root\NetBeans-8\websvccommon;C:\ProgramData\App-V\10390847-DF06-455C-BE51-56865FA9F42E\2B219945-B646-41B0-84D4-E31AB2609F35\Root\NetBeans-8\enterprise;C:\ProgramData\App-V\10390847-DF06-455C-BE51-56865FA9F42E\2B219945-B646-41B0-84D4-E31AB2609F35\Root\NetBeans-8\mobility;C:\ProgramData\App-V\10390847-DF06-455C-BE51-56865FA9F42E\2B219945-B646-41B0-84D4-E31AB2609F35\Root\NetBeans-8\profiler;C:\ProgramData\App-V\10390847-DF06-455C-BE51-56865FA9F42E\2B219945-B646-41B0-84D4-E31AB2609F35\Root\NetBeans-8\python;C:\ProgramData\App-V\10390847-DF06-455C-BE51-56865FA9F42E\2B219945-B646-41B0-84D4-E31AB2609F35\Root\NetBeans-8\php;C:\ProgramData\App-V\10390847-DF06-455C-BE51-56865FA9F42E\2B219945-B646-41B0-84D4-E31AB2609F35\Root\NetBeans-8\identity;C:\ProgramData\App-V\10390847-DF06-455C-BE51-56865FA9F42E\2B219945-B646-41B0-84D4-E31AB2609F35\Root\NetBeans-8\harness;C:\ProgramData\App-V\10390847-DF06-455C-BE51-56865FA9F42E\2B219945-B646-41B0-84D4-E31AB2609F35\Root\NetBeans-8\cnd;C:\ProgramData\App-V\10390847-DF06-455C-BE51-56865FA9F42E\2B219945-B646-41B0-84D4-E31AB2609F35\Root\NetBeans-8\dlight;C:\ProgramData\App-V\10390847-DF06-455C-BE51-56865FA9F42E\2B219945-B646-41B0-84D4-E31AB2609F35\Root\NetBeans-8\groovy;C:\ProgramData\App-V\10390847-DF06-455C-BE51-56865FA9F42E\2B219945-B646-41B0-84D4-E31AB2609F35\Root\NetBeans-8\extra;C:\ProgramData\App-V\10390847-DF06-455C-BE51-56865FA9F42E\2B219945-B646-41B0-84D4-E31AB2609F35\Root\NetBeans-8\javacard;C:\ProgramData\App-V\10390847-DF06-455C-BE51-56865FA9F42E\2B219945-B646-41B0-84D4-E31AB2609F35\Root\NetBeans-8\javafx" />
    <property name="libs.jsf20.javadoc" value="C:\ProgramData\App-V\10390847-DF06-455C-BE51-56865FA9F42E\2B219945-B646-41B0-84D4-E31AB2609F35\Root\NetBeans-8\enterprise\docs\javaee-doc-api.jar" />
    <property name="libs.jstl.javadoc" value="C:\ProgramData\App-V\10390847-DF06-455C-BE51-56865FA9F42E\2B219945-B646-41B0-84D4-E31AB2609F35\Root\NetBeans-8\enterprise\docs\javaee-doc-api.jar" />
    <property name="java.ext.dirs" value="C:\ProgramData\App-V\10390847-DF06-455C-BE51-56865FA9F42E\2B219945-B646-41B0-84D4-E31AB2609F35\Root\jdk1.8.0_31\jre\lib\ext;C:\Windows\Sun\Java\lib\ext" />
    <property name="libs.metro.src" value="" />
    <property name="endorsed.classpath" value="" />
    <property name="libs.INFO323-Jersey.classpath" value="H:\NetBeans\jersey-lib\jersey\aopalliance-repackaged-2.4.0-b09.jar;H:\NetBeans\jersey-lib\jersey\hk2-api-2.4.0-b09.jar;H:\NetBeans\jersey-lib\jersey\hk2-locator-2.4.0-b09.jar;H:\NetBeans\jersey-lib\jersey\hk2-utils-2.4.0-b09.jar;H:\NetBeans\jersey-lib\jersey\javassist-3.18.1-GA.jar;H:\NetBeans\jersey-lib\jersey\javax.annotation-api-1.2.jar;H:\NetBeans\jersey-lib\jersey\javax.el-2.2.4.jar;H:\NetBeans\jersey-lib\jersey\javax.el-api-2.2.4.jar;H:\NetBeans\jersey-lib\jersey\javax.inject-1.jar;H:\NetBeans\jersey-lib\jersey\javax.inject-2.4.0-b09.jar;H:\NetBeans\jersey-lib\jersey\javax.ws.rs-api-2.0.1.jar;H:\NetBeans\jersey-lib\jersey\jersey-client-2.16.jar;H:\NetBeans\jersey-lib\jersey\jersey-common-2.16.jar;H:\NetBeans\jersey-lib\jersey\jersey-container-jdk-http-2.16.jar;H:\NetBeans\jersey-lib\jersey\jersey-declarative-linking-2.16.jar;H:\NetBeans\jersey-lib\jersey\jersey-entity-filtering-2.16.jar;H:\NetBeans\jersey-lib\jersey\jersey-guava-2.16.jar;H:\NetBeans\jersey-lib\jersey\jersey-media-jaxb-2.16.jar;H:\NetBeans\jersey-lib\jersey\jersey-media-moxy-2.16.jar;H:\NetBeans\jersey-lib\jersey\jersey-server-2.16.jar;H:\NetBeans\jersey-lib\jersey\org.eclipse.persistence.antlr-2.5.0.jar;H:\NetBeans\jersey-lib\jersey\org.eclipse.persistence.asm-2.5.0.jar;H:\NetBeans\jersey-lib\jersey\org.eclipse.persistence.core-2.5.0.jar;H:\NetBeans\jersey-lib\jersey\org.eclipse.persistence.moxy-2.5.0.jar;H:\NetBeans\jersey-lib\jersey\osgi-resource-locator-1.0.1.jar;H:\NetBeans\jersey-lib\jersey\validation-api-1.1.0.Final.jar" />
    <property name="libs.absolutelayout.classpath" value="C:\ProgramData\App-V\10390847-DF06-455C-BE51-56865FA9F42E\2B219945-B646-41B0-84D4-E31AB2609F35\Root\NetBeans-8\java\modules\ext\AbsoluteLayout.jar" />
    <property name="excludes" value="" />
    <property name="libs.restlib.maven-pom" value="" />
    <property name="libs.metro.classpath" value="C:\ProgramData\App-V\10390847-DF06-455C-BE51-56865FA9F42E\2B219945-B646-41B0-84D4-E31AB2609F35\Root\NetBeans-8\ide\modules\ext\jaxb\activation.jar;C:\ProgramData\App-V\10390847-DF06-455C-BE51-56865FA9F42E\2B219945-B646-41B0-84D4-E31AB2609F35\Root\NetBeans-8\enterprise\modules\ext\metro\webservices-api.jar;C:\ProgramData\App-V\10390847-DF06-455C-BE51-56865FA9F42E\2B219945-B646-41B0-84D4-E31AB2609F35\Root\NetBeans-8\enterprise\modules\ext\metro\webservices-extra-api.jar;C:\ProgramData\App-V\10390847-DF06-455C-BE51-56865FA9F42E\2B219945-B646-41B0-84D4-E31AB2609F35\Root\NetBeans-8\enterprise\modules\ext\metro\webservices-extra.jar;C:\ProgramData\App-V\10390847-DF06-455C-BE51-56865FA9F42E\2B219945-B646-41B0-84D4-E31AB2609F35\Root\NetBeans-8\enterprise\modules\ext\metro\webservices-rt.jar;C:\ProgramData\App-V\10390847-DF06-455C-BE51-56865FA9F42E\2B219945-B646-41B0-84D4-E31AB2609F35\Root\NetBeans-8\enterprise\modules\ext\metro\webservices-tools.jar" />
    <property name="libs.jpa2-persistence.javadoc" value="C:\ProgramData\App-V\10390847-DF06-455C-BE51-56865FA9F42E\2B219945-B646-41B0-84D4-E31AB2609F35\Root\NetBeans-8\java\modules\ext\docs\javax.persistence-2.1.0-doc.zip" />
    <property name="apple.laf.useScreenMenuBar" value="true" />
    <property name="java.class.path" value="H:\NetBeans\jersey-lib\jersey\aopalliance-repackaged-2.4.0-b09.jar;H:\NetBeans\jersey-lib\jersey\hk2-api-2.4.0-b09.jar;H:\NetBeans\jersey-lib\jersey\hk2-locator-2.4.0-b09.jar;H:\NetBeans\jersey-lib\jersey\hk2-utils-2.4.0-b09.jar;H:\NetBeans\jersey-lib\jersey\javassist-3.18.1-GA.jar;H:\NetBeans\jersey-lib\jersey\javax.annotation-api-1.2.jar;H:\NetBeans\jersey-lib\jersey\javax.el-2.2.4.jar;H:\NetBeans\jersey-lib\jersey\javax.el-api-2.2.4.jar;H:\NetBeans\jersey-lib\jersey\javax.inject-1.jar;H:\NetBeans\jersey-lib\jersey\javax.inject-2.4.0-b09.jar;H:\NetBeans\jersey-lib\jersey\javax.ws.rs-api-2.0.1.jar;H:\NetBeans\jersey-lib\jersey\jersey-client-2.16.jar;H:\NetBeans\jersey-lib\jersey\jersey-common-2.16.jar;H:\NetBeans\jersey-lib\jersey\jersey-container-jdk-http-2.16.jar;H:\NetBeans\jersey-lib\jersey\jersey-declarative-linking-2.16.jar;H:\NetBeans\jersey-lib\jersey\jersey-entity-filtering-2.16.jar;H:\NetBeans\jersey-lib\jersey\jersey-guava-2.16.jar;H:\NetBeans\jersey-lib\jersey\jersey-media-jaxb-2.16.jar;H:\NetBeans\jersey-lib\jersey\jersey-media-moxy-2.16.jar;H:\NetBeans\jersey-lib\jersey\jersey-server-2.16.jar;H:\NetBeans\jersey-lib\jersey\org.eclipse.persistence.antlr-2.5.0.jar;H:\NetBeans\jersey-lib\jersey\org.eclipse.persistence.asm-2.5.0.jar;H:\NetBeans\jersey-lib\jersey\org.eclipse.persistence.core-2.5.0.jar;H:\NetBeans\jersey-lib\jersey\org.eclipse.persistence.moxy-2.5.0.jar;H:\NetBeans\jersey-lib\jersey\osgi-resource-locator-1.0.1.jar;H:\NetBeans\jersey-lib\jersey\validation-api-1.1.0.Final.jar;H:\NetBeans\logging-lib\logging\jcl-over-slf4j-1.7.7.jar;H:\NetBeans\logging-lib\logging\jul-to-slf4j-1.7.7.jar;H:\NetBeans\logging-lib\logging\logback-classic-1.1.2.jar;H:\NetBeans\logging-lib\logging\logback-core-1.1.2.jar;H:\NetBeans\logging-lib\logging\slf4j-api-1.7.7.jar;H:\NetBeans\project\project-shared\dist\project-shared.jar;H:\NetBeans\project\project-service-testing\build\classes;C:\ProgramData\App-V\10390847-DF06-455C-BE51-56865FA9F42E\2B219945-B646-41B0-84D4-E31AB2609F35\Root\NetBeans-8\platform\modules\ext\junit-4.10.jar;H:\NetBeans\project\project-service-testing\build\test\classes;C:\ProgramData\App-V\10390847-DF06-455C-BE51-56865FA9F42E\2B219945-B646-41B0-84D4-E31AB2609F35\Root\NetBeans-8\extide\ant\lib\ant-launcher.jar;C:\ProgramData\App-V\10390847-DF06-455C-BE51-56865FA9F42E\2B219945-B646-41B0-84D4-E31AB2609F35\Root\NetBeans-8\extide\ant\lib\ant.jar;C:\ProgramData\App-V\10390847-DF06-455C-BE51-56865FA9F42E\2B219945-B646-41B0-84D4-E31AB2609F35\Root\NetBeans-8\extide\ant\lib\ant-junit.jar;C:\ProgramData\App-V\10390847-DF06-455C-BE51-56865FA9F42E\2B219945-B646-41B0-84D4-E31AB2609F35\Root\NetBeans-8\extide\ant\lib\ant-junit4.jar" />
    <property name="wsdl-sales" value="H:\NetBeans\project\project-service-testing\xml-resources\web-service-references\sales\wsdl\localhost_9001\sales.wsdl" />
    <property name="libs.absolutelayout.src" value="" />
    <property name="libs.jpa20-persistence.classpath" value="C:\ProgramData\App-V\10390847-DF06-455C-BE51-56865FA9F42E\2B219945-B646-41B0-84D4-E31AB2609F35\Root\NetBeans-8\java\modules\ext\eclipselink\javax.persistence_2.1.0.v201304241213.jar" />
    <property name="os.version" value="6.1" />
    <property name="application.args" value="" />
    <property name="libs.javaee-api-7.0.maven-pom" value="" />
    <property name="libs.Camel.src" value="" />
    <property name="sun.awt.enableExtraMouseButtons" value="true" />
    <property name="sun.desktop" value="windows" />
    <property name="compile.on.save.unsupported.jaxws" value="true" />
    <property name="libs.hibernate4-persistence.src" value="" />
    <property name="libs.hibernate4-support.maven-pom" value="" />
    <property name="libs.restlib.javadoc" value="" />
    <property name="libs.JAXB-ENDORSED.classpath" value="C:\ProgramData\App-V\10390847-DF06-455C-BE51-56865FA9F42E\2B219945-B646-41B0-84D4-E31AB2609F35\Root\NetBeans-8\ide\modules\ext\jaxb\api\jaxb-api.jar" />
    <property name="nb.internal.action.name" value="run.single" />
    <property name="libs.eclipselink.classpath" value="C:\ProgramData\App-V\10390847-DF06-455C-BE51-56865FA9F42E\2B219945-B646-41B0-84D4-E31AB2609F35\Root\NetBeans-8\java\modules\ext\eclipselink\eclipselink.jar;C:\ProgramData\App-V\10390847-DF06-455C-BE51-56865FA9F42E\2B219945-B646-41B0-84D4-E31AB2609F35\Root\NetBeans-8\java\modules\ext\eclipselink\javax.persistence_2.1.0.v201304241213.jar;C:\ProgramData\App-V\10390847-DF06-455C-BE51-56865FA9F42E\2B219945-B646-41B0-84D4-E31AB2609F35\Root\NetBeans-8\java\modules\ext\eclipselink\org.eclipse.persistence.jpa.jpql_2.5.2.v20140319-9ad6abd.jar" />
    <property name="libs.javaee-api-7.0.javadoc" value="C:\ProgramData\App-V\10390847-DF06-455C-BE51-56865FA9F42E\2B219945-B646-41B0-84D4-E31AB2609F35\Root\NetBeans-8\enterprise\docs\javaee-doc-api.jar" />
    <property name="libs.Camel.classpath" value="H:\INFO323\camel-lib\camel\activemq-broker-5.11.1.jar;H:\INFO323\camel-lib\camel\activemq-client-5.11.1.jar;H:\INFO323\camel-lib\camel\activemq-openwire-legacy-5.11.1.jar;H:\INFO323\camel-lib\camel\aopalliance-1.0.jar;H:\INFO323\camel-lib\camel\asm-1.0.2.jar;H:\INFO323\camel-lib\camel\asm-3.3.1.jar;H:\INFO323\camel-lib\camel\camel-core-2.15.1.jar;H:\INFO323\camel-lib\camel\camel-cxf-2.15.1.jar;H:\INFO323\camel-lib\camel\camel-cxf-transport-2.15.1.jar;H:\INFO323\camel-lib\camel\camel-gson-2.15.1.jar;H:\INFO323\camel-lib\camel\camel-http-2.15.1.jar;H:\INFO323\camel-lib\camel\camel-http4-2.15.1.jar;H:\INFO323\camel-lib\camel\camel-jaxb-2.15.1.jar;H:\INFO323\camel-lib\camel\camel-jetty-2.15.1.jar;H:\INFO323\camel-lib\camel\camel-jetty-common-2.15.1.jar;H:\INFO323\camel-lib\camel\camel-jetty8-2.15.1.jar;H:\INFO323\camel-lib\camel\camel-jms-2.15.1.jar;H:\INFO323\camel-lib\camel\camel-jsonpath-2.15.1.jar;H:\INFO323\camel-lib\camel\camel-mail-2.15.1.jar;H:\INFO323\camel-lib\camel\camel-ognl-2.15.1.jar;H:\INFO323\camel-lib\camel\camel-rmi-2.15.1.jar;H:\INFO323\camel-lib\camel\camel-spring-2.15.1.jar;H:\INFO323\camel-lib\camel\camel-stream-2.15.1.jar;H:\INFO323\camel-lib\camel\camel-websocket-2.15.1.jar;H:\INFO323\camel-lib\camel\commons-codec-1.10.jar;H:\INFO323\camel-lib\camel\commons-httpclient-3.1.jar;H:\INFO323\camel-lib\camel\cxf-core-3.0.4.jar;H:\INFO323\camel-lib\camel\cxf-rt-bindings-soap-3.0.4.jar;H:\INFO323\camel-lib\camel\cxf-rt-bindings-xml-3.0.4.jar;H:\INFO323\camel-lib\camel\cxf-rt-databinding-jaxb-3.0.4.jar;H:\INFO323\camel-lib\camel\cxf-rt-frontend-jaxrs-3.0.4.jar;H:\INFO323\camel-lib\camel\cxf-rt-frontend-jaxws-3.0.4.jar;H:\INFO323\camel-lib\camel\cxf-rt-frontend-simple-3.0.4.jar;H:\INFO323\camel-lib\camel\cxf-rt-transports-http-3.0.4.jar;H:\INFO323\camel-lib\camel\cxf-rt-wsdl-3.0.4.jar;H:\INFO323\camel-lib\camel\geronimo-j2ee-management_1.1_spec-1.0.1.jar;H:\INFO323\camel-lib\camel\geronimo-jms_1.1_spec-1.1.1.jar;H:\INFO323\camel-lib\camel\geronimo-servlet_3.0_spec-1.0.jar;H:\INFO323\camel-lib\camel\gson-2.3.jar;H:\INFO323\camel-lib\camel\hawtbuf-1.11.jar;H:\INFO323\camel-lib\camel\httpclient-4.3.6.jar;H:\INFO323\camel-lib\camel\httpcore-4.3.3.jar;H:\INFO323\camel-lib\camel\javassist-3.11.0.GA.jar;H:\INFO323\camel-lib\camel\javax.annotation-api-1.2.jar;H:\INFO323\camel-lib\camel\javax.servlet-3.0.0.v201112011016.jar;H:\INFO323\camel-lib\camel\javax.ws.rs-api-2.0.1.jar;H:\INFO323\camel-lib\camel\jaxb-core-2.2.11.jar;H:\INFO323\camel-lib\camel\jaxb-impl-2.2.11.jar;H:\INFO323\camel-lib\camel\jetty-client-8.1.16.v20140903.jar;H:\INFO323\camel-lib\camel\jetty-continuation-8.1.16.v20140903.jar;H:\INFO323\camel-lib\camel\jetty-http-8.1.16.v20140903.jar;H:\INFO323\camel-lib\camel\jetty-io-8.1.16.v20140903.jar;H:\INFO323\camel-lib\camel\jetty-jmx-8.1.16.v20140903.jar;H:\INFO323\camel-lib\camel\jetty-security-8.1.16.v20140903.jar;H:\INFO323\camel-lib\camel\jetty-server-8.1.16.v20140903.jar;H:\INFO323\camel-lib\camel\jetty-servlet-8.1.16.v20140903.jar;H:\INFO323\camel-lib\camel\jetty-servlets-8.1.16.v20140903.jar;H:\INFO323\camel-lib\camel\jetty-util-8.1.16.v20140903.jar;H:\INFO323\camel-lib\camel\jetty-websocket-8.1.16.v20140903.jar;H:\INFO323\camel-lib\camel\json-path-1.2.0.jar;H:\INFO323\camel-lib\camel\json-smart-2.1.1.jar;H:\INFO323\camel-lib\camel\mail-1.4.7.jar;H:\INFO323\camel-lib\camel\ognl-3.0.8.jar;H:\INFO323\camel-lib\camel\spring-aop-4.1.5.RELEASE.jar;H:\INFO323\camel-lib\camel\spring-beans-4.1.5.RELEASE.jar;H:\INFO323\camel-lib\camel\spring-context-4.1.5.RELEASE.jar;H:\INFO323\camel-lib\camel\spring-core-4.1.5.RELEASE.jar;H:\INFO323\camel-lib\camel\spring-expression-4.1.5.RELEASE.jar;H:\INFO323\camel-lib\camel\spring-jms-4.1.5.RELEASE.jar;H:\INFO323\camel-lib\camel\spring-messaging-4.1.5.RELEASE.jar;H:\INFO323\camel-lib\camel\spring-tx-4.1.5.RELEASE.jar;H:\INFO323\camel-lib\camel\stax2-api-3.1.4.jar;H:\INFO323\camel-lib\camel\woodstox-core-asl-4.4.1.jar;H:\INFO323\camel-lib\camel\wsdl4j-1.6.3.jar;H:\INFO323\camel-lib\camel\xmlschema-core-2.2.1.jar" />
    <property name="java.awt.graphicsenv" value="sun.awt.Win32GraphicsEnvironment" />
    <property name="libs.beans-binding.javadoc" value="C:\ProgramData\App-V\10390847-DF06-455C-BE51-56865FA9F42E\2B219945-B646-41B0-84D4-E31AB2609F35\Root\NetBeans-8\java\docs\beansbinding-1.2.1-doc.zip" />
    <property name="java.vm.vendor" value="Oracle Corporation" />
    <property name="libs.CopyLibs.classpath" value="C:\ProgramData\App-V\10390847-DF06-455C-BE51-56865FA9F42E\2B219945-B646-41B0-84D4-E31AB2609F35\Root\NetBeans-8\java\ant\extra\org-netbeans-modules-java-j2seproject-copylibstask.jar" />
    <property name="libs.spring-framework300.classpath" value="C:\ProgramData\App-V\10390847-DF06-455C-BE51-56865FA9F42E\2B219945-B646-41B0-84D4-E31AB2609F35\Root\NetBeans-8\ide\modules\org-apache-commons-logging.jar;C:\ProgramData\App-V\10390847-DF06-455C-BE51-56865FA9F42E\2B219945-B646-41B0-84D4-E31AB2609F35\Root\NetBeans-8\java\modules\ext\cglib-2.2.jar;C:\ProgramData\App-V\10390847-DF06-455C-BE51-56865FA9F42E\2B219945-B646-41B0-84D4-E31AB2609F35\Root\NetBeans-8\java\modules\ext\spring-3.0\spring-aop-3.2.7.RELEASE.jar;C:\ProgramData\App-V\10390847-DF06-455C-BE51-56865FA9F42E\2B219945-B646-41B0-84D4-E31AB2609F35\Root\NetBeans-8\java\modules\ext\spring-3.0\spring-aspects-3.2.7.RELEASE.jar;C:\ProgramData\App-V\10390847-DF06-455C-BE51-56865FA9F42E\2B219945-B646-41B0-84D4-E31AB2609F35\Root\NetBeans-8\java\modules\ext\spring-3.0\spring-beans-3.2.7.RELEASE.jar;C:\ProgramData\App-V\10390847-DF06-455C-BE51-56865FA9F42E\2B219945-B646-41B0-84D4-E31AB2609F35\Root\NetBeans-8\java\modules\ext\spring-3.0\spring-build-src-3.2.7.RELEASE.jar;C:\ProgramData\App-V\10390847-DF06-455C-BE51-56865FA9F42E\2B219945-B646-41B0-84D4-E31AB2609F35\Root\NetBeans-8\java\modules\ext\spring-3.0\spring-context-3.2.7.RELEASE.jar;C:\ProgramData\App-V\10390847-DF06-455C-BE51-56865FA9F42E\2B219945-B646-41B0-84D4-E31AB2609F35\Root\NetBeans-8\java\modules\ext\spring-3.0\spring-context-support-3.2.7.RELEASE.jar;C:\ProgramData\App-V\10390847-DF06-455C-BE51-56865FA9F42E\2B219945-B646-41B0-84D4-E31AB2609F35\Root\NetBeans-8\java\modules\ext\spring-3.0\spring-core-3.2.7.RELEASE.jar;C:\ProgramData\App-V\10390847-DF06-455C-BE51-56865FA9F42E\2B219945-B646-41B0-84D4-E31AB2609F35\Root\NetBeans-8\java\modules\ext\spring-3.0\spring-expression-3.2.7.RELEASE.jar;C:\ProgramData\App-V\10390847-DF06-455C-BE51-56865FA9F42E\2B219945-B646-41B0-84D4-E31AB2609F35\Root\NetBeans-8\java\modules\ext\spring-3.0\spring-framework-bom-3.2.7.RELEASE.jar;C:\ProgramData\App-V\10390847-DF06-455C-BE51-56865FA9F42E\2B219945-B646-41B0-84D4-E31AB2609F35\Root\NetBeans-8\java\modules\ext\spring-3.0\spring-instrument-3.2.7.RELEASE.jar;C:\ProgramData\App-V\10390847-DF06-455C-BE51-56865FA9F42E\2B219945-B646-41B0-84D4-E31AB2609F35\Root\NetBeans-8\java\modules\ext\spring-3.0\spring-instrument-tomcat-3.2.7.RELEASE.jar;C:\ProgramData\App-V\10390847-DF06-455C-BE51-56865FA9F42E\2B219945-B646-41B0-84D4-E31AB2609F35\Root\NetBeans-8\java\modules\ext\spring-3.0\spring-jdbc-3.2.7.RELEASE.jar;C:\ProgramData\App-V\10390847-DF06-455C-BE51-56865FA9F42E\2B219945-B646-41B0-84D4-E31AB2609F35\Root\NetBeans-8\java\modules\ext\spring-3.0\spring-jms-3.2.7.RELEASE.jar;C:\ProgramData\App-V\10390847-DF06-455C-BE51-56865FA9F42E\2B219945-B646-41B0-84D4-E31AB2609F35\Root\NetBeans-8\java\modules\ext\spring-3.0\spring-orm-3.2.7.RELEASE.jar;C:\ProgramData\App-V\10390847-DF06-455C-BE51-56865FA9F42E\2B219945-B646-41B0-84D4-E31AB2609F35\Root\NetBeans-8\java\modules\ext\spring-3.0\spring-oxm-3.2.7.RELEASE.jar;C:\ProgramData\App-V\10390847-DF06-455C-BE51-56865FA9F42E\2B219945-B646-41B0-84D4-E31AB2609F35\Root\NetBeans-8\java\modules\ext\spring-3.0\spring-struts-3.2.7.RELEASE.jar;C:\ProgramData\App-V\10390847-DF06-455C-BE51-56865FA9F42E\2B219945-B646-41B0-84D4-E31AB2609F35\Root\NetBeans-8\java\modules\ext\spring-3.0\spring-test-3.2.7.RELEASE.jar;C:\ProgramData\App-V\10390847-DF06-455C-BE51-56865FA9F42E\2B219945-B646-41B0-84D4-E31AB2609F35\Root\NetBeans-8\java\modules\ext\spring-3.0\spring-tx-3.2.7.RELEASE.jar;C:\ProgramData\App-V\10390847-DF06-455C-BE51-56865FA9F42E\2B219945-B646-41B0-84D4-E31AB2609F35\Root\NetBeans-8\java\modules\ext\spring-3.0\spring-web-3.2.7.RELEASE.jar;C:\ProgramData\App-V\10390847-DF06-455C-BE51-56865FA9F42E\2B219945-B646-41B0-84D4-E31AB2609F35\Root\NetBeans-8\java\modules\ext\spring-3.0\spring-webmvc-3.2.7.RELEASE.jar;C:\ProgramData\App-V\10390847-DF06-455C-BE51-56865FA9F42E\2B219945-B646-41B0-84D4-E31AB2609F35\Root\NetBeans-8\java\modules\ext\spring-3.0\spring-webmvc-portlet-3.2.7.RELEASE.jar" />
    <property name="libs.jsp-compiler.maven-pom" value="" />
    <property name="run.jvmargs" value="" />
    <property name="libs.hibernate4-persistence.classpath" value="C:\ProgramData\App-V\10390847-DF06-455C-BE51-56865FA9F42E\2B219945-B646-41B0-84D4-E31AB2609F35\Root\NetBeans-8\java\modules\ext\hibernate4\antlr-2.7.7.jar;C:\ProgramData\App-V\10390847-DF06-455C-BE51-56865FA9F42E\2B219945-B646-41B0-84D4-E31AB2609F35\Root\NetBeans-8\java\modules\ext\hibernate4\c3p0-0.9.2.1.jar;C:\ProgramData\App-V\10390847-DF06-455C-BE51-56865FA9F42E\2B219945-B646-41B0-84D4-E31AB2609F35\Root\NetBeans-8\java\modules\ext\hibernate4\hibernate-c3p0-4.3.1.Final.jar;C:\ProgramData\App-V\10390847-DF06-455C-BE51-56865FA9F42E\2B219945-B646-41B0-84D4-E31AB2609F35\Root\NetBeans-8\java\modules\ext\hibernate4\mchange-commons-java-0.2.3.4.jar;C:\ProgramData\App-V\10390847-DF06-455C-BE51-56865FA9F42E\2B219945-B646-41B0-84D4-E31AB2609F35\Root\NetBeans-8\java\modules\ext\hibernate4\dom4j-1.6.1.jar;C:\ProgramData\App-V\10390847-DF06-455C-BE51-56865FA9F42E\2B219945-B646-41B0-84D4-E31AB2609F35\Root\NetBeans-8\java\modules\ext\hibernate4\ehcache-core-2.4.3.jar;C:\ProgramData\App-V\10390847-DF06-455C-BE51-56865FA9F42E\2B219945-B646-41B0-84D4-E31AB2609F35\Root\NetBeans-8\java\modules\ext\hibernate4\hibernate-ehcache-4.3.1.Final.jar;C:\ProgramData\App-V\10390847-DF06-455C-BE51-56865FA9F42E\2B219945-B646-41B0-84D4-E31AB2609F35\Root\NetBeans-8\java\modules\ext\hibernate4\hibernate-core-4.3.1.Final.jar;C:\ProgramData\App-V\10390847-DF06-455C-BE51-56865FA9F42E\2B219945-B646-41B0-84D4-E31AB2609F35\Root\NetBeans-8\java\modules\ext\hibernate4\jboss-logging-3.1.3.GA.jar;C:\ProgramData\App-V\10390847-DF06-455C-BE51-56865FA9F42E\2B219945-B646-41B0-84D4-E31AB2609F35\Root\NetBeans-8\java\modules\ext\hibernate4\hibernate-commons-annotations-4.0.4.Final.jar;C:\ProgramData\App-V\10390847-DF06-455C-BE51-56865FA9F42E\2B219945-B646-41B0-84D4-E31AB2609F35\Root\NetBeans-8\java\modules\ext\hibernate4\hibernate-entitymanager-4.3.1.Final.jar;C:\ProgramData\App-V\10390847-DF06-455C-BE51-56865FA9F42E\2B219945-B646-41B0-84D4-E31AB2609F35\Root\NetBeans-8\java\modules\ext\hibernate4\javassist-3.18.1-GA.jar;C:\ProgramData\App-V\10390847-DF06-455C-BE51-56865FA9F42E\2B219945-B646-41B0-84D4-E31AB2609F35\Root\NetBeans-8\java\modules\ext\hibernate4\jboss-transaction-api_1.2_spec-1.0.0.Final.jar;C:\ProgramData\App-V\10390847-DF06-455C-BE51-56865FA9F42E\2B219945-B646-41B0-84D4-E31AB2609F35\Root\NetBeans-8\java\modules\ext\hibernate4\slf4j-api-1.6.1.jar;C:\ProgramData\App-V\10390847-DF06-455C-BE51-56865FA9F42E\2B219945-B646-41B0-84D4-E31AB2609F35\Root\NetBeans-8\java\modules\ext\hibernate4\slf4j-simple-1.6.1.jar;C:\ProgramData\App-V\10390847-DF06-455C-BE51-56865FA9F42E\2B219945-B646-41B0-84D4-E31AB2609F35\Root\NetBeans-8\java\modules\ext\hibernate4\hibernate-jpa-2.1-api-1.0.0.Final.jar" />
    <property name="libs.JAXB-ENDORSED.src" value="" />
    <property name="dist.archive.excludes" value="" />
    <property name="libs.testng.javadoc" value="C:\ProgramData\App-V\10390847-DF06-455C-BE51-56865FA9F42E\2B219945-B646-41B0-84D4-E31AB2609F35\Root\NetBeans-8\platform\docs\testng-6.8.1-javadoc.zip" />
    <property name="user.script" value="" />
    <property name="libs.PostgreSQLDriver.classpath" value="C:\ProgramData\App-V\10390847-DF06-455C-BE51-56865FA9F42E\2B219945-B646-41B0-84D4-E31AB2609F35\Root\NetBeans-8\ide\modules\ext\postgresql-9.2-1002.jdbc4.jar" />
    <property name="libs.jsf12.maven-pom" value="" />
    <property name="libs.hibernate4-persistencemodelgen.classpath" value="C:\ProgramData\App-V\10390847-DF06-455C-BE51-56865FA9F42E\2B219945-B646-41B0-84D4-E31AB2609F35\Root\NetBeans-8\java\modules\ext\hibernate4\hibernate-jpamodelgen-4.3.1.Final.jar" />
    <property name="libs.junit.src" value="" />
    <property name="annotation.processing.source.output" value="build/generated-sources/ap-source-output" />
    <property name="ant.file.project-service-testing" value="H:\NetBeans\project\project-service-testing\build.xml" />
    <property name="main.class" value="" />
    <property name="build.dir" value="build" />
    <property name="libs.CopyLibs.src" value="" />
    <property name="libs.jsp-compilation.classpath" value="C:\ProgramData\App-V\10390847-DF06-455C-BE51-56865FA9F42E\2B219945-B646-41B0-84D4-E31AB2609F35\Root\NetBeans-8\extide\ant\lib\ant.jar;C:\ProgramData\App-V\10390847-DF06-455C-BE51-56865FA9F42E\2B219945-B646-41B0-84D4-E31AB2609F35\Root\NetBeans-8\enterprise\modules\ext\servlet3.1-jsp2.3-api.jar;C:\ProgramData\App-V\10390847-DF06-455C-BE51-56865FA9F42E\2B219945-B646-41B0-84D4-E31AB2609F35\Root\NetBeans-8\enterprise\modules\ext\glassfish-jspparser-4.0.jar;C:\ProgramData\App-V\10390847-DF06-455C-BE51-56865FA9F42E\2B219945-B646-41B0-84D4-E31AB2609F35\Root\NetBeans-8\enterprise\modules\ext\jsf-2_2\javax.faces.jar;C:\ProgramData\App-V\10390847-DF06-455C-BE51-56865FA9F42E\2B219945-B646-41B0-84D4-E31AB2609F35\Root\NetBeans-8\enterprise\modules\ext\jstl-api.jar;C:\ProgramData\App-V\10390847-DF06-455C-BE51-56865FA9F42E\2B219945-B646-41B0-84D4-E31AB2609F35\Root\NetBeans-8\extide\ant\lib\ant-launcher.jar" />
    <property name="libs.INFO323-Logging.javadoc" value="" />
    <property name="ant.version" value="Apache Ant(TM) version 1.9.4 compiled on April 29 2014" />
    <property name="file.encoding" value="Cp1252" />
    <property name="build.classes.excludes" value="**/*.java,**/*.form" />
    <property name="jdkBug6558476" value="false" />
    <property name="javadoc.nonavbar" value="false" />
    <property name="libs.spring-webmvc4.0.classpath" value="C:\ProgramData\App-V\10390847-DF06-455C-BE51-56865FA9F42E\2B219945-B646-41B0-84D4-E31AB2609F35\Root\NetBeans-8\java\modules\ext\spring-4\spring-webmvc-4.0.1.RELEASE.jar" />
    <property name="platform.active" value="default_platform" />
    <property name="awt.toolkit" value="sun.awt.windows.WToolkit" />
    <property name="libs.javaee-web-api-7.0.javadoc" value="C:\ProgramData\App-V\10390847-DF06-455C-BE51-56865FA9F42E\2B219945-B646-41B0-84D4-E31AB2609F35\Root\NetBeans-8\enterprise\docs\javaee-doc-api.jar" />
  </properties>
  <testcase classname="test.JUnitTestRMI" name="testRmi" time="1.122" />
  <system-out><![CDATA[]]></system-out>
  <system-err><![CDATA[]]></system-err>
</testsuite>
